2023-06-22 05:31:21 error: [ParseError] syntax error, unexpected token "<", expecting end of file in /home/furr/Workshop/WorkshopPHP/MyApp/templates/Home/index.php on line 3
Stack Trace:
- /home/furr/Workshop/WorkshopPHP/MyApp/vendor/cakephp/cakephp/src/View/View.php:1177
- /home/furr/Workshop/WorkshopPHP/MyApp/vendor/cakephp/cakephp/src/View/View.php:808
- /home/furr/Workshop/WorkshopPHP/MyApp/vendor/cakephp/cakephp/src/Controller/Controller.php:773
- /home/furr/Workshop/WorkshopPHP/MyApp/vendor/cakephp/cakephp/src/Controller/Controller.php:556
- /home/furr/Workshop/WorkshopPHP/MyApp/vendor/cakephp/cakephp/src/Controller/ControllerFactory.php:139
- /home/furr/Workshop/WorkshopPHP/MyApp/vendor/cakephp/cakephp/src/Controller/ControllerFactory.php:114
- /home/furr/Workshop/WorkshopPHP/MyApp/vendor/cakephp/cakephp/src/Http/BaseApplication.php:320
- /home/furr/Workshop/WorkshopPHP/MyApp/vendor/cakephp/cakephp/src/Http/Runner.php:86
- /home/furr/Workshop/WorkshopPHP/MyApp/vendor/cakephp/cakephp/src/Http/Middleware/CsrfProtectionMiddleware.php:174
- /home/furr/Workshop/WorkshopPHP/MyApp/vendor/cakephp/cakephp/src/Http/Runner.php:82
- /home/furr/Workshop/WorkshopPHP/MyApp/vendor/cakephp/cakephp/src/Http/Middleware/BodyParserMiddleware.php:157
- /home/furr/Workshop/WorkshopPHP/MyApp/vendor/cakephp/cakephp/src/Http/Runner.php:82
- /home/furr/Workshop/WorkshopPHP/MyApp/vendor/cakephp/cakephp/src/Routing/Middleware/RoutingMiddleware.php:186
- /home/furr/Workshop/WorkshopPHP/MyApp/vendor/cakephp/cakephp/src/Http/Runner.php:82
- /home/furr/Workshop/WorkshopPHP/MyApp/vendor/cakephp/cakephp/src/Routing/Middleware/AssetMiddleware.php:68
- /home/furr/Workshop/WorkshopPHP/MyApp/vendor/cakephp/cakephp/src/Http/Runner.php:82
- /home/furr/Workshop/WorkshopPHP/MyApp/vendor/cakephp/cakephp/src/Error/Middleware/ErrorHandlerMiddleware.php:131
- /home/furr/Workshop/WorkshopPHP/MyApp/vendor/cakephp/cakephp/src/Http/Runner.php:82
- /home/furr/Workshop/WorkshopPHP/MyApp/vendor/cakephp/debug_kit/src/Middleware/DebugKitMiddleware.php:60
- /home/furr/Workshop/WorkshopPHP/MyApp/vendor/cakephp/cakephp/src/Http/Runner.php:82
- /home/furr/Workshop/WorkshopPHP/MyApp/vendor/cakephp/cakephp/src/Http/Runner.php:67
- /home/furr/Workshop/WorkshopPHP/MyApp/vendor/cakephp/cakephp/src/Http/Server.php:90
- /home/furr/Workshop/WorkshopPHP/MyApp/webroot/index.php:40

Request URL: /home/index
2023-06-22 05:34:26 error: [ArgumentCountError] Too few arguments to function Cake\View\Helper\HtmlHelper::link(), 0 passed in /home/furr/Workshop/WorkshopPHP/MyApp/templates/Home/index.php on line 8 and at least 1 expected in /home/furr/Workshop/WorkshopPHP/MyApp/vendor/cakephp/cakephp/src/View/Helper/HtmlHelper.php on line 253
Stack Trace:
- /home/furr/Workshop/WorkshopPHP/MyApp/templates/Home/index.php:8
- /home/furr/Workshop/WorkshopPHP/MyApp/vendor/cakephp/cakephp/src/View/View.php:1220
- /home/furr/Workshop/WorkshopPHP/MyApp/vendor/cakephp/cakephp/src/View/View.php:1177
- /home/furr/Workshop/WorkshopPHP/MyApp/vendor/cakephp/cakephp/src/View/View.php:808
- /home/furr/Workshop/WorkshopPHP/MyApp/vendor/cakephp/cakephp/src/Controller/Controller.php:773
- /home/furr/Workshop/WorkshopPHP/MyApp/vendor/cakephp/cakephp/src/Controller/Controller.php:556
- /home/furr/Workshop/WorkshopPHP/MyApp/vendor/cakephp/cakephp/src/Controller/ControllerFactory.php:139
- /home/furr/Workshop/WorkshopPHP/MyApp/vendor/cakephp/cakephp/src/Controller/ControllerFactory.php:114
- /home/furr/Workshop/WorkshopPHP/MyApp/vendor/cakephp/cakephp/src/Http/BaseApplication.php:320
- /home/furr/Workshop/WorkshopPHP/MyApp/vendor/cakephp/cakephp/src/Http/Runner.php:86
- /home/furr/Workshop/WorkshopPHP/MyApp/vendor/cakephp/cakephp/src/Http/Middleware/CsrfProtectionMiddleware.php:174
- /home/furr/Workshop/WorkshopPHP/MyApp/vendor/cakephp/cakephp/src/Http/Runner.php:82
- /home/furr/Workshop/WorkshopPHP/MyApp/vendor/cakephp/cakephp/src/Http/Middleware/BodyParserMiddleware.php:157
- /home/furr/Workshop/WorkshopPHP/MyApp/vendor/cakephp/cakephp/src/Http/Runner.php:82
- /home/furr/Workshop/WorkshopPHP/MyApp/vendor/cakephp/cakephp/src/Routing/Middleware/RoutingMiddleware.php:186
- /home/furr/Workshop/WorkshopPHP/MyApp/vendor/cakephp/cakephp/src/Http/Runner.php:82
- /home/furr/Workshop/WorkshopPHP/MyApp/vendor/cakephp/cakephp/src/Routing/Middleware/AssetMiddleware.php:68
- /home/furr/Workshop/WorkshopPHP/MyApp/vendor/cakephp/cakephp/src/Http/Runner.php:82
- /home/furr/Workshop/WorkshopPHP/MyApp/vendor/cakephp/cakephp/src/Error/Middleware/ErrorHandlerMiddleware.php:131
- /home/furr/Workshop/WorkshopPHP/MyApp/vendor/cakephp/cakephp/src/Http/Runner.php:82
- /home/furr/Workshop/WorkshopPHP/MyApp/vendor/cakephp/debug_kit/src/Middleware/DebugKitMiddleware.php:60
- /home/furr/Workshop/WorkshopPHP/MyApp/vendor/cakephp/cakephp/src/Http/Runner.php:82
- /home/furr/Workshop/WorkshopPHP/MyApp/vendor/cakephp/cakephp/src/Http/Runner.php:67
- /home/furr/Workshop/WorkshopPHP/MyApp/vendor/cakephp/cakephp/src/Http/Server.php:90
- /home/furr/Workshop/WorkshopPHP/MyApp/webroot/index.php:40

Request URL: /home/index
2023-06-22 05:36:33 error: [Cake\Http\Exception\MissingControllerException] Controller class About could not be found. in /home/furr/Workshop/WorkshopPHP/MyApp/vendor/cakephp/cakephp/src/Controller/ControllerFactory.php on line 348
Exception Attributes: array (
  'controller' => 'About',
  'plugin' => NULL,
  'prefix' => NULL,
  '_ext' => NULL,
  'class' => 'About',
)
Stack Trace:
- /home/furr/Workshop/WorkshopPHP/MyApp/vendor/cakephp/cakephp/src/Controller/ControllerFactory.php:74
- /home/furr/Workshop/WorkshopPHP/MyApp/vendor/cakephp/cakephp/src/Http/BaseApplication.php:318
- /home/furr/Workshop/WorkshopPHP/MyApp/vendor/cakephp/cakephp/src/Http/Runner.php:86
- /home/furr/Workshop/WorkshopPHP/MyApp/vendor/cakephp/cakephp/src/Http/Middleware/CsrfProtectionMiddleware.php:174
- /home/furr/Workshop/WorkshopPHP/MyApp/vendor/cakephp/cakephp/src/Http/Runner.php:82
- /home/furr/Workshop/WorkshopPHP/MyApp/vendor/cakephp/cakephp/src/Http/Middleware/BodyParserMiddleware.php:157
- /home/furr/Workshop/WorkshopPHP/MyApp/vendor/cakephp/cakephp/src/Http/Runner.php:82
- /home/furr/Workshop/WorkshopPHP/MyApp/vendor/cakephp/cakephp/src/Routing/Middleware/RoutingMiddleware.php:186
- /home/furr/Workshop/WorkshopPHP/MyApp/vendor/cakephp/cakephp/src/Http/Runner.php:82
- /home/furr/Workshop/WorkshopPHP/MyApp/vendor/cakephp/cakephp/src/Routing/Middleware/AssetMiddleware.php:68
- /home/furr/Workshop/WorkshopPHP/MyApp/vendor/cakephp/cakephp/src/Http/Runner.php:82
- /home/furr/Workshop/WorkshopPHP/MyApp/vendor/cakephp/cakephp/src/Error/Middleware/ErrorHandlerMiddleware.php:131
- /home/furr/Workshop/WorkshopPHP/MyApp/vendor/cakephp/cakephp/src/Http/Runner.php:82
- /home/furr/Workshop/WorkshopPHP/MyApp/vendor/cakephp/debug_kit/src/Middleware/DebugKitMiddleware.php:60
- /home/furr/Workshop/WorkshopPHP/MyApp/vendor/cakephp/cakephp/src/Http/Runner.php:82
- /home/furr/Workshop/WorkshopPHP/MyApp/vendor/cakephp/cakephp/src/Http/Runner.php:67
- /home/furr/Workshop/WorkshopPHP/MyApp/vendor/cakephp/cakephp/src/Http/Server.php:90
- /home/furr/Workshop/WorkshopPHP/MyApp/webroot/index.php:40

Request URL: /About
Referer URL: http://localhost:8765/home/index
2023-06-22 05:36:48 error: [Cake\Http\Exception\MissingControllerException] Controller class About could not be found. in /home/furr/Workshop/WorkshopPHP/MyApp/vendor/cakephp/cakephp/src/Controller/ControllerFactory.php on line 348
Exception Attributes: array (
  'controller' => 'About',
  'plugin' => NULL,
  'prefix' => NULL,
  '_ext' => NULL,
  'class' => 'About',
)
Stack Trace:
- /home/furr/Workshop/WorkshopPHP/MyApp/vendor/cakephp/cakephp/src/Controller/ControllerFactory.php:74
- /home/furr/Workshop/WorkshopPHP/MyApp/vendor/cakephp/cakephp/src/Http/BaseApplication.php:318
- /home/furr/Workshop/WorkshopPHP/MyApp/vendor/cakephp/cakephp/src/Http/Runner.php:86
- /home/furr/Workshop/WorkshopPHP/MyApp/vendor/cakephp/cakephp/src/Http/Middleware/CsrfProtectionMiddleware.php:174
- /home/furr/Workshop/WorkshopPHP/MyApp/vendor/cakephp/cakephp/src/Http/Runner.php:82
- /home/furr/Workshop/WorkshopPHP/MyApp/vendor/cakephp/cakephp/src/Http/Middleware/BodyParserMiddleware.php:157
- /home/furr/Workshop/WorkshopPHP/MyApp/vendor/cakephp/cakephp/src/Http/Runner.php:82
- /home/furr/Workshop/WorkshopPHP/MyApp/vendor/cakephp/cakephp/src/Routing/Middleware/RoutingMiddleware.php:186
- /home/furr/Workshop/WorkshopPHP/MyApp/vendor/cakephp/cakephp/src/Http/Runner.php:82
- /home/furr/Workshop/WorkshopPHP/MyApp/vendor/cakephp/cakephp/src/Routing/Middleware/AssetMiddleware.php:68
- /home/furr/Workshop/WorkshopPHP/MyApp/vendor/cakephp/cakephp/src/Http/Runner.php:82
- /home/furr/Workshop/WorkshopPHP/MyApp/vendor/cakephp/cakephp/src/Error/Middleware/ErrorHandlerMiddleware.php:131
- /home/furr/Workshop/WorkshopPHP/MyApp/vendor/cakephp/cakephp/src/Http/Runner.php:82
- /home/furr/Workshop/WorkshopPHP/MyApp/vendor/cakephp/debug_kit/src/Middleware/DebugKitMiddleware.php:60
- /home/furr/Workshop/WorkshopPHP/MyApp/vendor/cakephp/cakephp/src/Http/Runner.php:82
- /home/furr/Workshop/WorkshopPHP/MyApp/vendor/cakephp/cakephp/src/Http/Runner.php:67
- /home/furr/Workshop/WorkshopPHP/MyApp/vendor/cakephp/cakephp/src/Http/Server.php:90
- /home/furr/Workshop/WorkshopPHP/MyApp/webroot/index.php:40

Request URL: /About
Referer URL: http://localhost:8765/home/index
2023-06-22 05:36:50 error: [Cake\Http\Exception\MissingControllerException] Controller class About could not be found. in /home/furr/Workshop/WorkshopPHP/MyApp/vendor/cakephp/cakephp/src/Controller/ControllerFactory.php on line 348
Exception Attributes: array (
  'controller' => 'About',
  'plugin' => NULL,
  'prefix' => NULL,
  '_ext' => NULL,
  'class' => 'About',
)
Stack Trace:
- /home/furr/Workshop/WorkshopPHP/MyApp/vendor/cakephp/cakephp/src/Controller/ControllerFactory.php:74
- /home/furr/Workshop/WorkshopPHP/MyApp/vendor/cakephp/cakephp/src/Http/BaseApplication.php:318
- /home/furr/Workshop/WorkshopPHP/MyApp/vendor/cakephp/cakephp/src/Http/Runner.php:86
- /home/furr/Workshop/WorkshopPHP/MyApp/vendor/cakephp/cakephp/src/Http/Middleware/CsrfProtectionMiddleware.php:174
- /home/furr/Workshop/WorkshopPHP/MyApp/vendor/cakephp/cakephp/src/Http/Runner.php:82
- /home/furr/Workshop/WorkshopPHP/MyApp/vendor/cakephp/cakephp/src/Http/Middleware/BodyParserMiddleware.php:157
- /home/furr/Workshop/WorkshopPHP/MyApp/vendor/cakephp/cakephp/src/Http/Runner.php:82
- /home/furr/Workshop/WorkshopPHP/MyApp/vendor/cakephp/cakephp/src/Routing/Middleware/RoutingMiddleware.php:186
- /home/furr/Workshop/WorkshopPHP/MyApp/vendor/cakephp/cakephp/src/Http/Runner.php:82
- /home/furr/Workshop/WorkshopPHP/MyApp/vendor/cakephp/cakephp/src/Routing/Middleware/AssetMiddleware.php:68
- /home/furr/Workshop/WorkshopPHP/MyApp/vendor/cakephp/cakephp/src/Http/Runner.php:82
- /home/furr/Workshop/WorkshopPHP/MyApp/vendor/cakephp/cakephp/src/Error/Middleware/ErrorHandlerMiddleware.php:131
- /home/furr/Workshop/WorkshopPHP/MyApp/vendor/cakephp/cakephp/src/Http/Runner.php:82
- /home/furr/Workshop/WorkshopPHP/MyApp/vendor/cakephp/debug_kit/src/Middleware/DebugKitMiddleware.php:60
- /home/furr/Workshop/WorkshopPHP/MyApp/vendor/cakephp/cakephp/src/Http/Runner.php:82
- /home/furr/Workshop/WorkshopPHP/MyApp/vendor/cakephp/cakephp/src/Http/Runner.php:67
- /home/furr/Workshop/WorkshopPHP/MyApp/vendor/cakephp/cakephp/src/Http/Server.php:90
- /home/furr/Workshop/WorkshopPHP/MyApp/webroot/index.php:40

Request URL: /About
Referer URL: http://localhost:8765/home/index
2023-06-22 05:36:51 error: [Cake\Http\Exception\MissingControllerException] Controller class About could not be found. in /home/furr/Workshop/WorkshopPHP/MyApp/vendor/cakephp/cakephp/src/Controller/ControllerFactory.php on line 348
Exception Attributes: array (
  'controller' => 'About',
  'plugin' => NULL,
  'prefix' => NULL,
  '_ext' => NULL,
  'class' => 'About',
)
Stack Trace:
- /home/furr/Workshop/WorkshopPHP/MyApp/vendor/cakephp/cakephp/src/Controller/ControllerFactory.php:74
- /home/furr/Workshop/WorkshopPHP/MyApp/vendor/cakephp/cakephp/src/Http/BaseApplication.php:318
- /home/furr/Workshop/WorkshopPHP/MyApp/vendor/cakephp/cakephp/src/Http/Runner.php:86
- /home/furr/Workshop/WorkshopPHP/MyApp/vendor/cakephp/cakephp/src/Http/Middleware/CsrfProtectionMiddleware.php:174
- /home/furr/Workshop/WorkshopPHP/MyApp/vendor/cakephp/cakephp/src/Http/Runner.php:82
- /home/furr/Workshop/WorkshopPHP/MyApp/vendor/cakephp/cakephp/src/Http/Middleware/BodyParserMiddleware.php:157
- /home/furr/Workshop/WorkshopPHP/MyApp/vendor/cakephp/cakephp/src/Http/Runner.php:82
- /home/furr/Workshop/WorkshopPHP/MyApp/vendor/cakephp/cakephp/src/Routing/Middleware/RoutingMiddleware.php:186
- /home/furr/Workshop/WorkshopPHP/MyApp/vendor/cakephp/cakephp/src/Http/Runner.php:82
- /home/furr/Workshop/WorkshopPHP/MyApp/vendor/cakephp/cakephp/src/Routing/Middleware/AssetMiddleware.php:68
- /home/furr/Workshop/WorkshopPHP/MyApp/vendor/cakephp/cakephp/src/Http/Runner.php:82
- /home/furr/Workshop/WorkshopPHP/MyApp/vendor/cakephp/cakephp/src/Error/Middleware/ErrorHandlerMiddleware.php:131
- /home/furr/Workshop/WorkshopPHP/MyApp/vendor/cakephp/cakephp/src/Http/Runner.php:82
- /home/furr/Workshop/WorkshopPHP/MyApp/vendor/cakephp/debug_kit/src/Middleware/DebugKitMiddleware.php:60
- /home/furr/Workshop/WorkshopPHP/MyApp/vendor/cakephp/cakephp/src/Http/Runner.php:82
- /home/furr/Workshop/WorkshopPHP/MyApp/vendor/cakephp/cakephp/src/Http/Runner.php:67
- /home/furr/Workshop/WorkshopPHP/MyApp/vendor/cakephp/cakephp/src/Http/Server.php:90
- /home/furr/Workshop/WorkshopPHP/MyApp/webroot/index.php:40

Request URL: /About
Referer URL: http://localhost:8765/home/index
2023-06-22 05:36:51 error: [Cake\Http\Exception\MissingControllerException] Controller class About could not be found. in /home/furr/Workshop/WorkshopPHP/MyApp/vendor/cakephp/cakephp/src/Controller/ControllerFactory.php on line 348
Exception Attributes: array (
  'controller' => 'About',
  'plugin' => NULL,
  'prefix' => NULL,
  '_ext' => NULL,
  'class' => 'About',
)
Stack Trace:
- /home/furr/Workshop/WorkshopPHP/MyApp/vendor/cakephp/cakephp/src/Controller/ControllerFactory.php:74
- /home/furr/Workshop/WorkshopPHP/MyApp/vendor/cakephp/cakephp/src/Http/BaseApplication.php:318
- /home/furr/Workshop/WorkshopPHP/MyApp/vendor/cakephp/cakephp/src/Http/Runner.php:86
- /home/furr/Workshop/WorkshopPHP/MyApp/vendor/cakephp/cakephp/src/Http/Middleware/CsrfProtectionMiddleware.php:174
- /home/furr/Workshop/WorkshopPHP/MyApp/vendor/cakephp/cakephp/src/Http/Runner.php:82
- /home/furr/Workshop/WorkshopPHP/MyApp/vendor/cakephp/cakephp/src/Http/Middleware/BodyParserMiddleware.php:157
- /home/furr/Workshop/WorkshopPHP/MyApp/vendor/cakephp/cakephp/src/Http/Runner.php:82
- /home/furr/Workshop/WorkshopPHP/MyApp/vendor/cakephp/cakephp/src/Routing/Middleware/RoutingMiddleware.php:186
- /home/furr/Workshop/WorkshopPHP/MyApp/vendor/cakephp/cakephp/src/Http/Runner.php:82
- /home/furr/Workshop/WorkshopPHP/MyApp/vendor/cakephp/cakephp/src/Routing/Middleware/AssetMiddleware.php:68
- /home/furr/Workshop/WorkshopPHP/MyApp/vendor/cakephp/cakephp/src/Http/Runner.php:82
- /home/furr/Workshop/WorkshopPHP/MyApp/vendor/cakephp/cakephp/src/Error/Middleware/ErrorHandlerMiddleware.php:131
- /home/furr/Workshop/WorkshopPHP/MyApp/vendor/cakephp/cakephp/src/Http/Runner.php:82
- /home/furr/Workshop/WorkshopPHP/MyApp/vendor/cakephp/debug_kit/src/Middleware/DebugKitMiddleware.php:60
- /home/furr/Workshop/WorkshopPHP/MyApp/vendor/cakephp/cakephp/src/Http/Runner.php:82
- /home/furr/Workshop/WorkshopPHP/MyApp/vendor/cakephp/cakephp/src/Http/Runner.php:67
- /home/furr/Workshop/WorkshopPHP/MyApp/vendor/cakephp/cakephp/src/Http/Server.php:90
- /home/furr/Workshop/WorkshopPHP/MyApp/webroot/index.php:40

Request URL: /About
Referer URL: http://localhost:8765/home/index
2023-06-22 05:36:51 error: [Cake\Http\Exception\MissingControllerException] Controller class About could not be found. in /home/furr/Workshop/WorkshopPHP/MyApp/vendor/cakephp/cakephp/src/Controller/ControllerFactory.php on line 348
Exception Attributes: array (
  'controller' => 'About',
  'plugin' => NULL,
  'prefix' => NULL,
  '_ext' => NULL,
  'class' => 'About',
)
Stack Trace:
- /home/furr/Workshop/WorkshopPHP/MyApp/vendor/cakephp/cakephp/src/Controller/ControllerFactory.php:74
- /home/furr/Workshop/WorkshopPHP/MyApp/vendor/cakephp/cakephp/src/Http/BaseApplication.php:318
- /home/furr/Workshop/WorkshopPHP/MyApp/vendor/cakephp/cakephp/src/Http/Runner.php:86
- /home/furr/Workshop/WorkshopPHP/MyApp/vendor/cakephp/cakephp/src/Http/Middleware/CsrfProtectionMiddleware.php:174
- /home/furr/Workshop/WorkshopPHP/MyApp/vendor/cakephp/cakephp/src/Http/Runner.php:82
- /home/furr/Workshop/WorkshopPHP/MyApp/vendor/cakephp/cakephp/src/Http/Middleware/BodyParserMiddleware.php:157
- /home/furr/Workshop/WorkshopPHP/MyApp/vendor/cakephp/cakephp/src/Http/Runner.php:82
- /home/furr/Workshop/WorkshopPHP/MyApp/vendor/cakephp/cakephp/src/Routing/Middleware/RoutingMiddleware.php:186
- /home/furr/Workshop/WorkshopPHP/MyApp/vendor/cakephp/cakephp/src/Http/Runner.php:82
- /home/furr/Workshop/WorkshopPHP/MyApp/vendor/cakephp/cakephp/src/Routing/Middleware/AssetMiddleware.php:68
- /home/furr/Workshop/WorkshopPHP/MyApp/vendor/cakephp/cakephp/src/Http/Runner.php:82
- /home/furr/Workshop/WorkshopPHP/MyApp/vendor/cakephp/cakephp/src/Error/Middleware/ErrorHandlerMiddleware.php:131
- /home/furr/Workshop/WorkshopPHP/MyApp/vendor/cakephp/cakephp/src/Http/Runner.php:82
- /home/furr/Workshop/WorkshopPHP/MyApp/vendor/cakephp/debug_kit/src/Middleware/DebugKitMiddleware.php:60
- /home/furr/Workshop/WorkshopPHP/MyApp/vendor/cakephp/cakephp/src/Http/Runner.php:82
- /home/furr/Workshop/WorkshopPHP/MyApp/vendor/cakephp/cakephp/src/Http/Runner.php:67
- /home/furr/Workshop/WorkshopPHP/MyApp/vendor/cakephp/cakephp/src/Http/Server.php:90
- /home/furr/Workshop/WorkshopPHP/MyApp/webroot/index.php:40

Request URL: /About
Referer URL: http://localhost:8765/home/index
2023-06-22 05:36:51 error: [Cake\Http\Exception\MissingControllerException] Controller class About could not be found. in /home/furr/Workshop/WorkshopPHP/MyApp/vendor/cakephp/cakephp/src/Controller/ControllerFactory.php on line 348
Exception Attributes: array (
  'controller' => 'About',
  'plugin' => NULL,
  'prefix' => NULL,
  '_ext' => NULL,
  'class' => 'About',
)
Stack Trace:
- /home/furr/Workshop/WorkshopPHP/MyApp/vendor/cakephp/cakephp/src/Controller/ControllerFactory.php:74
- /home/furr/Workshop/WorkshopPHP/MyApp/vendor/cakephp/cakephp/src/Http/BaseApplication.php:318
- /home/furr/Workshop/WorkshopPHP/MyApp/vendor/cakephp/cakephp/src/Http/Runner.php:86
- /home/furr/Workshop/WorkshopPHP/MyApp/vendor/cakephp/cakephp/src/Http/Middleware/CsrfProtectionMiddleware.php:174
- /home/furr/Workshop/WorkshopPHP/MyApp/vendor/cakephp/cakephp/src/Http/Runner.php:82
- /home/furr/Workshop/WorkshopPHP/MyApp/vendor/cakephp/cakephp/src/Http/Middleware/BodyParserMiddleware.php:157
- /home/furr/Workshop/WorkshopPHP/MyApp/vendor/cakephp/cakephp/src/Http/Runner.php:82
- /home/furr/Workshop/WorkshopPHP/MyApp/vendor/cakephp/cakephp/src/Routing/Middleware/RoutingMiddleware.php:186
- /home/furr/Workshop/WorkshopPHP/MyApp/vendor/cakephp/cakephp/src/Http/Runner.php:82
- /home/furr/Workshop/WorkshopPHP/MyApp/vendor/cakephp/cakephp/src/Routing/Middleware/AssetMiddleware.php:68
- /home/furr/Workshop/WorkshopPHP/MyApp/vendor/cakephp/cakephp/src/Http/Runner.php:82
- /home/furr/Workshop/WorkshopPHP/MyApp/vendor/cakephp/cakephp/src/Error/Middleware/ErrorHandlerMiddleware.php:131
- /home/furr/Workshop/WorkshopPHP/MyApp/vendor/cakephp/cakephp/src/Http/Runner.php:82
- /home/furr/Workshop/WorkshopPHP/MyApp/vendor/cakephp/debug_kit/src/Middleware/DebugKitMiddleware.php:60
- /home/furr/Workshop/WorkshopPHP/MyApp/vendor/cakephp/cakephp/src/Http/Runner.php:82
- /home/furr/Workshop/WorkshopPHP/MyApp/vendor/cakephp/cakephp/src/Http/Runner.php:67
- /home/furr/Workshop/WorkshopPHP/MyApp/vendor/cakephp/cakephp/src/Http/Server.php:90
- /home/furr/Workshop/WorkshopPHP/MyApp/webroot/index.php:40

Request URL: /About
Referer URL: http://localhost:8765/home/index
2023-06-22 05:37:08 error: [Cake\Http\Exception\MissingControllerException] Controller class About could not be found. in /home/furr/Workshop/WorkshopPHP/MyApp/vendor/cakephp/cakephp/src/Controller/ControllerFactory.php on line 348
Exception Attributes: array (
  'controller' => 'About',
  'plugin' => NULL,
  'prefix' => NULL,
  '_ext' => NULL,
  'class' => 'About',
)
Stack Trace:
- /home/furr/Workshop/WorkshopPHP/MyApp/vendor/cakephp/cakephp/src/Controller/ControllerFactory.php:74
- /home/furr/Workshop/WorkshopPHP/MyApp/vendor/cakephp/cakephp/src/Http/BaseApplication.php:318
- /home/furr/Workshop/WorkshopPHP/MyApp/vendor/cakephp/cakephp/src/Http/Runner.php:86
- /home/furr/Workshop/WorkshopPHP/MyApp/vendor/cakephp/cakephp/src/Http/Middleware/CsrfProtectionMiddleware.php:174
- /home/furr/Workshop/WorkshopPHP/MyApp/vendor/cakephp/cakephp/src/Http/Runner.php:82
- /home/furr/Workshop/WorkshopPHP/MyApp/vendor/cakephp/cakephp/src/Http/Middleware/BodyParserMiddleware.php:157
- /home/furr/Workshop/WorkshopPHP/MyApp/vendor/cakephp/cakephp/src/Http/Runner.php:82
- /home/furr/Workshop/WorkshopPHP/MyApp/vendor/cakephp/cakephp/src/Routing/Middleware/RoutingMiddleware.php:186
- /home/furr/Workshop/WorkshopPHP/MyApp/vendor/cakephp/cakephp/src/Http/Runner.php:82
- /home/furr/Workshop/WorkshopPHP/MyApp/vendor/cakephp/cakephp/src/Routing/Middleware/AssetMiddleware.php:68
- /home/furr/Workshop/WorkshopPHP/MyApp/vendor/cakephp/cakephp/src/Http/Runner.php:82
- /home/furr/Workshop/WorkshopPHP/MyApp/vendor/cakephp/cakephp/src/Error/Middleware/ErrorHandlerMiddleware.php:131
- /home/furr/Workshop/WorkshopPHP/MyApp/vendor/cakephp/cakephp/src/Http/Runner.php:82
- /home/furr/Workshop/WorkshopPHP/MyApp/vendor/cakephp/debug_kit/src/Middleware/DebugKitMiddleware.php:60
- /home/furr/Workshop/WorkshopPHP/MyApp/vendor/cakephp/cakephp/src/Http/Runner.php:82
- /home/furr/Workshop/WorkshopPHP/MyApp/vendor/cakephp/cakephp/src/Http/Runner.php:67
- /home/furr/Workshop/WorkshopPHP/MyApp/vendor/cakephp/cakephp/src/Http/Server.php:90
- /home/furr/Workshop/WorkshopPHP/MyApp/webroot/index.php:40

Request URL: /About
Referer URL: http://localhost:8765/home/index
2023-06-22 05:37:09 error: [Cake\Http\Exception\MissingControllerException] Controller class About could not be found. in /home/furr/Workshop/WorkshopPHP/MyApp/vendor/cakephp/cakephp/src/Controller/ControllerFactory.php on line 348
Exception Attributes: array (
  'controller' => 'About',
  'plugin' => NULL,
  'prefix' => NULL,
  '_ext' => NULL,
  'class' => 'About',
)
Stack Trace:
- /home/furr/Workshop/WorkshopPHP/MyApp/vendor/cakephp/cakephp/src/Controller/ControllerFactory.php:74
- /home/furr/Workshop/WorkshopPHP/MyApp/vendor/cakephp/cakephp/src/Http/BaseApplication.php:318
- /home/furr/Workshop/WorkshopPHP/MyApp/vendor/cakephp/cakephp/src/Http/Runner.php:86
- /home/furr/Workshop/WorkshopPHP/MyApp/vendor/cakephp/cakephp/src/Http/Middleware/CsrfProtectionMiddleware.php:174
- /home/furr/Workshop/WorkshopPHP/MyApp/vendor/cakephp/cakephp/src/Http/Runner.php:82
- /home/furr/Workshop/WorkshopPHP/MyApp/vendor/cakephp/cakephp/src/Http/Middleware/BodyParserMiddleware.php:157
- /home/furr/Workshop/WorkshopPHP/MyApp/vendor/cakephp/cakephp/src/Http/Runner.php:82
- /home/furr/Workshop/WorkshopPHP/MyApp/vendor/cakephp/cakephp/src/Routing/Middleware/RoutingMiddleware.php:186
- /home/furr/Workshop/WorkshopPHP/MyApp/vendor/cakephp/cakephp/src/Http/Runner.php:82
- /home/furr/Workshop/WorkshopPHP/MyApp/vendor/cakephp/cakephp/src/Routing/Middleware/AssetMiddleware.php:68
- /home/furr/Workshop/WorkshopPHP/MyApp/vendor/cakephp/cakephp/src/Http/Runner.php:82
- /home/furr/Workshop/WorkshopPHP/MyApp/vendor/cakephp/cakephp/src/Error/Middleware/ErrorHandlerMiddleware.php:131
- /home/furr/Workshop/WorkshopPHP/MyApp/vendor/cakephp/cakephp/src/Http/Runner.php:82
- /home/furr/Workshop/WorkshopPHP/MyApp/vendor/cakephp/debug_kit/src/Middleware/DebugKitMiddleware.php:60
- /home/furr/Workshop/WorkshopPHP/MyApp/vendor/cakephp/cakephp/src/Http/Runner.php:82
- /home/furr/Workshop/WorkshopPHP/MyApp/vendor/cakephp/cakephp/src/Http/Runner.php:67
- /home/furr/Workshop/WorkshopPHP/MyApp/vendor/cakephp/cakephp/src/Http/Server.php:90
- /home/furr/Workshop/WorkshopPHP/MyApp/webroot/index.php:40

Request URL: /About
Referer URL: http://localhost:8765/home/index
2023-06-22 05:37:09 error: [Cake\Http\Exception\MissingControllerException] Controller class About could not be found. in /home/furr/Workshop/WorkshopPHP/MyApp/vendor/cakephp/cakephp/src/Controller/ControllerFactory.php on line 348
Exception Attributes: array (
  'controller' => 'About',
  'plugin' => NULL,
  'prefix' => NULL,
  '_ext' => NULL,
  'class' => 'About',
)
Stack Trace:
- /home/furr/Workshop/WorkshopPHP/MyApp/vendor/cakephp/cakephp/src/Controller/ControllerFactory.php:74
- /home/furr/Workshop/WorkshopPHP/MyApp/vendor/cakephp/cakephp/src/Http/BaseApplication.php:318
- /home/furr/Workshop/WorkshopPHP/MyApp/vendor/cakephp/cakephp/src/Http/Runner.php:86
- /home/furr/Workshop/WorkshopPHP/MyApp/vendor/cakephp/cakephp/src/Http/Middleware/CsrfProtectionMiddleware.php:174
- /home/furr/Workshop/WorkshopPHP/MyApp/vendor/cakephp/cakephp/src/Http/Runner.php:82
- /home/furr/Workshop/WorkshopPHP/MyApp/vendor/cakephp/cakephp/src/Http/Middleware/BodyParserMiddleware.php:157
- /home/furr/Workshop/WorkshopPHP/MyApp/vendor/cakephp/cakephp/src/Http/Runner.php:82
- /home/furr/Workshop/WorkshopPHP/MyApp/vendor/cakephp/cakephp/src/Routing/Middleware/RoutingMiddleware.php:186
- /home/furr/Workshop/WorkshopPHP/MyApp/vendor/cakephp/cakephp/src/Http/Runner.php:82
- /home/furr/Workshop/WorkshopPHP/MyApp/vendor/cakephp/cakephp/src/Routing/Middleware/AssetMiddleware.php:68
- /home/furr/Workshop/WorkshopPHP/MyApp/vendor/cakephp/cakephp/src/Http/Runner.php:82
- /home/furr/Workshop/WorkshopPHP/MyApp/vendor/cakephp/cakephp/src/Error/Middleware/ErrorHandlerMiddleware.php:131
- /home/furr/Workshop/WorkshopPHP/MyApp/vendor/cakephp/cakephp/src/Http/Runner.php:82
- /home/furr/Workshop/WorkshopPHP/MyApp/vendor/cakephp/debug_kit/src/Middleware/DebugKitMiddleware.php:60
- /home/furr/Workshop/WorkshopPHP/MyApp/vendor/cakephp/cakephp/src/Http/Runner.php:82
- /home/furr/Workshop/WorkshopPHP/MyApp/vendor/cakephp/cakephp/src/Http/Runner.php:67
- /home/furr/Workshop/WorkshopPHP/MyApp/vendor/cakephp/cakephp/src/Http/Server.php:90
- /home/furr/Workshop/WorkshopPHP/MyApp/webroot/index.php:40

Request URL: /About
Referer URL: http://localhost:8765/home/index
2023-06-22 05:37:09 error: [Cake\Http\Exception\MissingControllerException] Controller class About could not be found. in /home/furr/Workshop/WorkshopPHP/MyApp/vendor/cakephp/cakephp/src/Controller/ControllerFactory.php on line 348
Exception Attributes: array (
  'controller' => 'About',
  'plugin' => NULL,
  'prefix' => NULL,
  '_ext' => NULL,
  'class' => 'About',
)
Stack Trace:
- /home/furr/Workshop/WorkshopPHP/MyApp/vendor/cakephp/cakephp/src/Controller/ControllerFactory.php:74
- /home/furr/Workshop/WorkshopPHP/MyApp/vendor/cakephp/cakephp/src/Http/BaseApplication.php:318
- /home/furr/Workshop/WorkshopPHP/MyApp/vendor/cakephp/cakephp/src/Http/Runner.php:86
- /home/furr/Workshop/WorkshopPHP/MyApp/vendor/cakephp/cakephp/src/Http/Middleware/CsrfProtectionMiddleware.php:174
- /home/furr/Workshop/WorkshopPHP/MyApp/vendor/cakephp/cakephp/src/Http/Runner.php:82
- /home/furr/Workshop/WorkshopPHP/MyApp/vendor/cakephp/cakephp/src/Http/Middleware/BodyParserMiddleware.php:157
- /home/furr/Workshop/WorkshopPHP/MyApp/vendor/cakephp/cakephp/src/Http/Runner.php:82
- /home/furr/Workshop/WorkshopPHP/MyApp/vendor/cakephp/cakephp/src/Routing/Middleware/RoutingMiddleware.php:186
- /home/furr/Workshop/WorkshopPHP/MyApp/vendor/cakephp/cakephp/src/Http/Runner.php:82
- /home/furr/Workshop/WorkshopPHP/MyApp/vendor/cakephp/cakephp/src/Routing/Middleware/AssetMiddleware.php:68
- /home/furr/Workshop/WorkshopPHP/MyApp/vendor/cakephp/cakephp/src/Http/Runner.php:82
- /home/furr/Workshop/WorkshopPHP/MyApp/vendor/cakephp/cakephp/src/Error/Middleware/ErrorHandlerMiddleware.php:131
- /home/furr/Workshop/WorkshopPHP/MyApp/vendor/cakephp/cakephp/src/Http/Runner.php:82
- /home/furr/Workshop/WorkshopPHP/MyApp/vendor/cakephp/debug_kit/src/Middleware/DebugKitMiddleware.php:60
- /home/furr/Workshop/WorkshopPHP/MyApp/vendor/cakephp/cakephp/src/Http/Runner.php:82
- /home/furr/Workshop/WorkshopPHP/MyApp/vendor/cakephp/cakephp/src/Http/Runner.php:67
- /home/furr/Workshop/WorkshopPHP/MyApp/vendor/cakephp/cakephp/src/Http/Server.php:90
- /home/furr/Workshop/WorkshopPHP/MyApp/webroot/index.php:40

Request URL: /About
Referer URL: http://localhost:8765/home/index
2023-06-22 05:37:09 error: [Cake\Http\Exception\MissingControllerException] Controller class About could not be found. in /home/furr/Workshop/WorkshopPHP/MyApp/vendor/cakephp/cakephp/src/Controller/ControllerFactory.php on line 348
Exception Attributes: array (
  'controller' => 'About',
  'plugin' => NULL,
  'prefix' => NULL,
  '_ext' => NULL,
  'class' => 'About',
)
Stack Trace:
- /home/furr/Workshop/WorkshopPHP/MyApp/vendor/cakephp/cakephp/src/Controller/ControllerFactory.php:74
- /home/furr/Workshop/WorkshopPHP/MyApp/vendor/cakephp/cakephp/src/Http/BaseApplication.php:318
- /home/furr/Workshop/WorkshopPHP/MyApp/vendor/cakephp/cakephp/src/Http/Runner.php:86
- /home/furr/Workshop/WorkshopPHP/MyApp/vendor/cakephp/cakephp/src/Http/Middleware/CsrfProtectionMiddleware.php:174
- /home/furr/Workshop/WorkshopPHP/MyApp/vendor/cakephp/cakephp/src/Http/Runner.php:82
- /home/furr/Workshop/WorkshopPHP/MyApp/vendor/cakephp/cakephp/src/Http/Middleware/BodyParserMiddleware.php:157
- /home/furr/Workshop/WorkshopPHP/MyApp/vendor/cakephp/cakephp/src/Http/Runner.php:82
- /home/furr/Workshop/WorkshopPHP/MyApp/vendor/cakephp/cakephp/src/Routing/Middleware/RoutingMiddleware.php:186
- /home/furr/Workshop/WorkshopPHP/MyApp/vendor/cakephp/cakephp/src/Http/Runner.php:82
- /home/furr/Workshop/WorkshopPHP/MyApp/vendor/cakephp/cakephp/src/Routing/Middleware/AssetMiddleware.php:68
- /home/furr/Workshop/WorkshopPHP/MyApp/vendor/cakephp/cakephp/src/Http/Runner.php:82
- /home/furr/Workshop/WorkshopPHP/MyApp/vendor/cakephp/cakephp/src/Error/Middleware/ErrorHandlerMiddleware.php:131
- /home/furr/Workshop/WorkshopPHP/MyApp/vendor/cakephp/cakephp/src/Http/Runner.php:82
- /home/furr/Workshop/WorkshopPHP/MyApp/vendor/cakephp/debug_kit/src/Middleware/DebugKitMiddleware.php:60
- /home/furr/Workshop/WorkshopPHP/MyApp/vendor/cakephp/cakephp/src/Http/Runner.php:82
- /home/furr/Workshop/WorkshopPHP/MyApp/vendor/cakephp/cakephp/src/Http/Runner.php:67
- /home/furr/Workshop/WorkshopPHP/MyApp/vendor/cakephp/cakephp/src/Http/Server.php:90
- /home/furr/Workshop/WorkshopPHP/MyApp/webroot/index.php:40

Request URL: /About
Referer URL: http://localhost:8765/home/index
2023-06-22 05:37:10 error: [Cake\Http\Exception\MissingControllerException] Controller class About could not be found. in /home/furr/Workshop/WorkshopPHP/MyApp/vendor/cakephp/cakephp/src/Controller/ControllerFactory.php on line 348
Exception Attributes: array (
  'controller' => 'About',
  'plugin' => NULL,
  'prefix' => NULL,
  '_ext' => NULL,
  'class' => 'About',
)
Stack Trace:
- /home/furr/Workshop/WorkshopPHP/MyApp/vendor/cakephp/cakephp/src/Controller/ControllerFactory.php:74
- /home/furr/Workshop/WorkshopPHP/MyApp/vendor/cakephp/cakephp/src/Http/BaseApplication.php:318
- /home/furr/Workshop/WorkshopPHP/MyApp/vendor/cakephp/cakephp/src/Http/Runner.php:86
- /home/furr/Workshop/WorkshopPHP/MyApp/vendor/cakephp/cakephp/src/Http/Middleware/CsrfProtectionMiddleware.php:174
- /home/furr/Workshop/WorkshopPHP/MyApp/vendor/cakephp/cakephp/src/Http/Runner.php:82
- /home/furr/Workshop/WorkshopPHP/MyApp/vendor/cakephp/cakephp/src/Http/Middleware/BodyParserMiddleware.php:157
- /home/furr/Workshop/WorkshopPHP/MyApp/vendor/cakephp/cakephp/src/Http/Runner.php:82
- /home/furr/Workshop/WorkshopPHP/MyApp/vendor/cakephp/cakephp/src/Routing/Middleware/RoutingMiddleware.php:186
- /home/furr/Workshop/WorkshopPHP/MyApp/vendor/cakephp/cakephp/src/Http/Runner.php:82
- /home/furr/Workshop/WorkshopPHP/MyApp/vendor/cakephp/cakephp/src/Routing/Middleware/AssetMiddleware.php:68
- /home/furr/Workshop/WorkshopPHP/MyApp/vendor/cakephp/cakephp/src/Http/Runner.php:82
- /home/furr/Workshop/WorkshopPHP/MyApp/vendor/cakephp/cakephp/src/Error/Middleware/ErrorHandlerMiddleware.php:131
- /home/furr/Workshop/WorkshopPHP/MyApp/vendor/cakephp/cakephp/src/Http/Runner.php:82
- /home/furr/Workshop/WorkshopPHP/MyApp/vendor/cakephp/debug_kit/src/Middleware/DebugKitMiddleware.php:60
- /home/furr/Workshop/WorkshopPHP/MyApp/vendor/cakephp/cakephp/src/Http/Runner.php:82
- /home/furr/Workshop/WorkshopPHP/MyApp/vendor/cakephp/cakephp/src/Http/Runner.php:67
- /home/furr/Workshop/WorkshopPHP/MyApp/vendor/cakephp/cakephp/src/Http/Server.php:90
- /home/furr/Workshop/WorkshopPHP/MyApp/webroot/index.php:40

Request URL: /About
Referer URL: http://localhost:8765/home/index
2023-06-22 05:37:10 error: [Cake\Http\Exception\MissingControllerException] Controller class About could not be found. in /home/furr/Workshop/WorkshopPHP/MyApp/vendor/cakephp/cakephp/src/Controller/ControllerFactory.php on line 348
Exception Attributes: array (
  'controller' => 'About',
  'plugin' => NULL,
  'prefix' => NULL,
  '_ext' => NULL,
  'class' => 'About',
)
Stack Trace:
- /home/furr/Workshop/WorkshopPHP/MyApp/vendor/cakephp/cakephp/src/Controller/ControllerFactory.php:74
- /home/furr/Workshop/WorkshopPHP/MyApp/vendor/cakephp/cakephp/src/Http/BaseApplication.php:318
- /home/furr/Workshop/WorkshopPHP/MyApp/vendor/cakephp/cakephp/src/Http/Runner.php:86
- /home/furr/Workshop/WorkshopPHP/MyApp/vendor/cakephp/cakephp/src/Http/Middleware/CsrfProtectionMiddleware.php:174
- /home/furr/Workshop/WorkshopPHP/MyApp/vendor/cakephp/cakephp/src/Http/Runner.php:82
- /home/furr/Workshop/WorkshopPHP/MyApp/vendor/cakephp/cakephp/src/Http/Middleware/BodyParserMiddleware.php:157
- /home/furr/Workshop/WorkshopPHP/MyApp/vendor/cakephp/cakephp/src/Http/Runner.php:82
- /home/furr/Workshop/WorkshopPHP/MyApp/vendor/cakephp/cakephp/src/Routing/Middleware/RoutingMiddleware.php:186
- /home/furr/Workshop/WorkshopPHP/MyApp/vendor/cakephp/cakephp/src/Http/Runner.php:82
- /home/furr/Workshop/WorkshopPHP/MyApp/vendor/cakephp/cakephp/src/Routing/Middleware/AssetMiddleware.php:68
- /home/furr/Workshop/WorkshopPHP/MyApp/vendor/cakephp/cakephp/src/Http/Runner.php:82
- /home/furr/Workshop/WorkshopPHP/MyApp/vendor/cakephp/cakephp/src/Error/Middleware/ErrorHandlerMiddleware.php:131
- /home/furr/Workshop/WorkshopPHP/MyApp/vendor/cakephp/cakephp/src/Http/Runner.php:82
- /home/furr/Workshop/WorkshopPHP/MyApp/vendor/cakephp/debug_kit/src/Middleware/DebugKitMiddleware.php:60
- /home/furr/Workshop/WorkshopPHP/MyApp/vendor/cakephp/cakephp/src/Http/Runner.php:82
- /home/furr/Workshop/WorkshopPHP/MyApp/vendor/cakephp/cakephp/src/Http/Runner.php:67
- /home/furr/Workshop/WorkshopPHP/MyApp/vendor/cakephp/cakephp/src/Http/Server.php:90
- /home/furr/Workshop/WorkshopPHP/MyApp/webroot/index.php:40

Request URL: /About
Referer URL: http://localhost:8765/home/index
2023-06-22 05:37:10 error: [Cake\Http\Exception\MissingControllerException] Controller class About could not be found. in /home/furr/Workshop/WorkshopPHP/MyApp/vendor/cakephp/cakephp/src/Controller/ControllerFactory.php on line 348
Exception Attributes: array (
  'controller' => 'About',
  'plugin' => NULL,
  'prefix' => NULL,
  '_ext' => NULL,
  'class' => 'About',
)
Stack Trace:
- /home/furr/Workshop/WorkshopPHP/MyApp/vendor/cakephp/cakephp/src/Controller/ControllerFactory.php:74
- /home/furr/Workshop/WorkshopPHP/MyApp/vendor/cakephp/cakephp/src/Http/BaseApplication.php:318
- /home/furr/Workshop/WorkshopPHP/MyApp/vendor/cakephp/cakephp/src/Http/Runner.php:86
- /home/furr/Workshop/WorkshopPHP/MyApp/vendor/cakephp/cakephp/src/Http/Middleware/CsrfProtectionMiddleware.php:174
- /home/furr/Workshop/WorkshopPHP/MyApp/vendor/cakephp/cakephp/src/Http/Runner.php:82
- /home/furr/Workshop/WorkshopPHP/MyApp/vendor/cakephp/cakephp/src/Http/Middleware/BodyParserMiddleware.php:157
- /home/furr/Workshop/WorkshopPHP/MyApp/vendor/cakephp/cakephp/src/Http/Runner.php:82
- /home/furr/Workshop/WorkshopPHP/MyApp/vendor/cakephp/cakephp/src/Routing/Middleware/RoutingMiddleware.php:186
- /home/furr/Workshop/WorkshopPHP/MyApp/vendor/cakephp/cakephp/src/Http/Runner.php:82
- /home/furr/Workshop/WorkshopPHP/MyApp/vendor/cakephp/cakephp/src/Routing/Middleware/AssetMiddleware.php:68
- /home/furr/Workshop/WorkshopPHP/MyApp/vendor/cakephp/cakephp/src/Http/Runner.php:82
- /home/furr/Workshop/WorkshopPHP/MyApp/vendor/cakephp/cakephp/src/Error/Middleware/ErrorHandlerMiddleware.php:131
- /home/furr/Workshop/WorkshopPHP/MyApp/vendor/cakephp/cakephp/src/Http/Runner.php:82
- /home/furr/Workshop/WorkshopPHP/MyApp/vendor/cakephp/debug_kit/src/Middleware/DebugKitMiddleware.php:60
- /home/furr/Workshop/WorkshopPHP/MyApp/vendor/cakephp/cakephp/src/Http/Runner.php:82
- /home/furr/Workshop/WorkshopPHP/MyApp/vendor/cakephp/cakephp/src/Http/Runner.php:67
- /home/furr/Workshop/WorkshopPHP/MyApp/vendor/cakephp/cakephp/src/Http/Server.php:90
- /home/furr/Workshop/WorkshopPHP/MyApp/webroot/index.php:40

Request URL: /About
Referer URL: http://localhost:8765/home/index
2023-06-22 05:37:10 error: [Cake\Http\Exception\MissingControllerException] Controller class About could not be found. in /home/furr/Workshop/WorkshopPHP/MyApp/vendor/cakephp/cakephp/src/Controller/ControllerFactory.php on line 348
Exception Attributes: array (
  'controller' => 'About',
  'plugin' => NULL,
  'prefix' => NULL,
  '_ext' => NULL,
  'class' => 'About',
)
Stack Trace:
- /home/furr/Workshop/WorkshopPHP/MyApp/vendor/cakephp/cakephp/src/Controller/ControllerFactory.php:74
- /home/furr/Workshop/WorkshopPHP/MyApp/vendor/cakephp/cakephp/src/Http/BaseApplication.php:318
- /home/furr/Workshop/WorkshopPHP/MyApp/vendor/cakephp/cakephp/src/Http/Runner.php:86
- /home/furr/Workshop/WorkshopPHP/MyApp/vendor/cakephp/cakephp/src/Http/Middleware/CsrfProtectionMiddleware.php:174
- /home/furr/Workshop/WorkshopPHP/MyApp/vendor/cakephp/cakephp/src/Http/Runner.php:82
- /home/furr/Workshop/WorkshopPHP/MyApp/vendor/cakephp/cakephp/src/Http/Middleware/BodyParserMiddleware.php:157
- /home/furr/Workshop/WorkshopPHP/MyApp/vendor/cakephp/cakephp/src/Http/Runner.php:82
- /home/furr/Workshop/WorkshopPHP/MyApp/vendor/cakephp/cakephp/src/Routing/Middleware/RoutingMiddleware.php:186
- /home/furr/Workshop/WorkshopPHP/MyApp/vendor/cakephp/cakephp/src/Http/Runner.php:82
- /home/furr/Workshop/WorkshopPHP/MyApp/vendor/cakephp/cakephp/src/Routing/Middleware/AssetMiddleware.php:68
- /home/furr/Workshop/WorkshopPHP/MyApp/vendor/cakephp/cakephp/src/Http/Runner.php:82
- /home/furr/Workshop/WorkshopPHP/MyApp/vendor/cakephp/cakephp/src/Error/Middleware/ErrorHandlerMiddleware.php:131
- /home/furr/Workshop/WorkshopPHP/MyApp/vendor/cakephp/cakephp/src/Http/Runner.php:82
- /home/furr/Workshop/WorkshopPHP/MyApp/vendor/cakephp/debug_kit/src/Middleware/DebugKitMiddleware.php:60
- /home/furr/Workshop/WorkshopPHP/MyApp/vendor/cakephp/cakephp/src/Http/Runner.php:82
- /home/furr/Workshop/WorkshopPHP/MyApp/vendor/cakephp/cakephp/src/Http/Runner.php:67
- /home/furr/Workshop/WorkshopPHP/MyApp/vendor/cakephp/cakephp/src/Http/Server.php:90
- /home/furr/Workshop/WorkshopPHP/MyApp/webroot/index.php:40

Request URL: /About
Referer URL: http://localhost:8765/home/index
2023-06-22 05:37:10 error: [Cake\Http\Exception\MissingControllerException] Controller class About could not be found. in /home/furr/Workshop/WorkshopPHP/MyApp/vendor/cakephp/cakephp/src/Controller/ControllerFactory.php on line 348
Exception Attributes: array (
  'controller' => 'About',
  'plugin' => NULL,
  'prefix' => NULL,
  '_ext' => NULL,
  'class' => 'About',
)
Stack Trace:
- /home/furr/Workshop/WorkshopPHP/MyApp/vendor/cakephp/cakephp/src/Controller/ControllerFactory.php:74
- /home/furr/Workshop/WorkshopPHP/MyApp/vendor/cakephp/cakephp/src/Http/BaseApplication.php:318
- /home/furr/Workshop/WorkshopPHP/MyApp/vendor/cakephp/cakephp/src/Http/Runner.php:86
- /home/furr/Workshop/WorkshopPHP/MyApp/vendor/cakephp/cakephp/src/Http/Middleware/CsrfProtectionMiddleware.php:174
- /home/furr/Workshop/WorkshopPHP/MyApp/vendor/cakephp/cakephp/src/Http/Runner.php:82
- /home/furr/Workshop/WorkshopPHP/MyApp/vendor/cakephp/cakephp/src/Http/Middleware/BodyParserMiddleware.php:157
- /home/furr/Workshop/WorkshopPHP/MyApp/vendor/cakephp/cakephp/src/Http/Runner.php:82
- /home/furr/Workshop/WorkshopPHP/MyApp/vendor/cakephp/cakephp/src/Routing/Middleware/RoutingMiddleware.php:186
- /home/furr/Workshop/WorkshopPHP/MyApp/vendor/cakephp/cakephp/src/Http/Runner.php:82
- /home/furr/Workshop/WorkshopPHP/MyApp/vendor/cakephp/cakephp/src/Routing/Middleware/AssetMiddleware.php:68
- /home/furr/Workshop/WorkshopPHP/MyApp/vendor/cakephp/cakephp/src/Http/Runner.php:82
- /home/furr/Workshop/WorkshopPHP/MyApp/vendor/cakephp/cakephp/src/Error/Middleware/ErrorHandlerMiddleware.php:131
- /home/furr/Workshop/WorkshopPHP/MyApp/vendor/cakephp/cakephp/src/Http/Runner.php:82
- /home/furr/Workshop/WorkshopPHP/MyApp/vendor/cakephp/debug_kit/src/Middleware/DebugKitMiddleware.php:60
- /home/furr/Workshop/WorkshopPHP/MyApp/vendor/cakephp/cakephp/src/Http/Runner.php:82
- /home/furr/Workshop/WorkshopPHP/MyApp/vendor/cakephp/cakephp/src/Http/Runner.php:67
- /home/furr/Workshop/WorkshopPHP/MyApp/vendor/cakephp/cakephp/src/Http/Server.php:90
- /home/furr/Workshop/WorkshopPHP/MyApp/webroot/index.php:40

Request URL: /About
Referer URL: http://localhost:8765/home/index
2023-06-22 05:37:10 error: [Cake\Http\Exception\MissingControllerException] Controller class About could not be found. in /home/furr/Workshop/WorkshopPHP/MyApp/vendor/cakephp/cakephp/src/Controller/ControllerFactory.php on line 348
Exception Attributes: array (
  'controller' => 'About',
  'plugin' => NULL,
  'prefix' => NULL,
  '_ext' => NULL,
  'class' => 'About',
)
Stack Trace:
- /home/furr/Workshop/WorkshopPHP/MyApp/vendor/cakephp/cakephp/src/Controller/ControllerFactory.php:74
- /home/furr/Workshop/WorkshopPHP/MyApp/vendor/cakephp/cakephp/src/Http/BaseApplication.php:318
- /home/furr/Workshop/WorkshopPHP/MyApp/vendor/cakephp/cakephp/src/Http/Runner.php:86
- /home/furr/Workshop/WorkshopPHP/MyApp/vendor/cakephp/cakephp/src/Http/Middleware/CsrfProtectionMiddleware.php:174
- /home/furr/Workshop/WorkshopPHP/MyApp/vendor/cakephp/cakephp/src/Http/Runner.php:82
- /home/furr/Workshop/WorkshopPHP/MyApp/vendor/cakephp/cakephp/src/Http/Middleware/BodyParserMiddleware.php:157
- /home/furr/Workshop/WorkshopPHP/MyApp/vendor/cakephp/cakephp/src/Http/Runner.php:82
- /home/furr/Workshop/WorkshopPHP/MyApp/vendor/cakephp/cakephp/src/Routing/Middleware/RoutingMiddleware.php:186
- /home/furr/Workshop/WorkshopPHP/MyApp/vendor/cakephp/cakephp/src/Http/Runner.php:82
- /home/furr/Workshop/WorkshopPHP/MyApp/vendor/cakephp/cakephp/src/Routing/Middleware/AssetMiddleware.php:68
- /home/furr/Workshop/WorkshopPHP/MyApp/vendor/cakephp/cakephp/src/Http/Runner.php:82
- /home/furr/Workshop/WorkshopPHP/MyApp/vendor/cakephp/cakephp/src/Error/Middleware/ErrorHandlerMiddleware.php:131
- /home/furr/Workshop/WorkshopPHP/MyApp/vendor/cakephp/cakephp/src/Http/Runner.php:82
- /home/furr/Workshop/WorkshopPHP/MyApp/vendor/cakephp/debug_kit/src/Middleware/DebugKitMiddleware.php:60
- /home/furr/Workshop/WorkshopPHP/MyApp/vendor/cakephp/cakephp/src/Http/Runner.php:82
- /home/furr/Workshop/WorkshopPHP/MyApp/vendor/cakephp/cakephp/src/Http/Runner.php:67
- /home/furr/Workshop/WorkshopPHP/MyApp/vendor/cakephp/cakephp/src/Http/Server.php:90
- /home/furr/Workshop/WorkshopPHP/MyApp/webroot/index.php:40

Request URL: /About
Referer URL: http://localhost:8765/home/index
2023-06-22 05:37:11 error: [Cake\Http\Exception\MissingControllerException] Controller class About could not be found. in /home/furr/Workshop/WorkshopPHP/MyApp/vendor/cakephp/cakephp/src/Controller/ControllerFactory.php on line 348
Exception Attributes: array (
  'controller' => 'About',
  'plugin' => NULL,
  'prefix' => NULL,
  '_ext' => NULL,
  'class' => 'About',
)
Stack Trace:
- /home/furr/Workshop/WorkshopPHP/MyApp/vendor/cakephp/cakephp/src/Controller/ControllerFactory.php:74
- /home/furr/Workshop/WorkshopPHP/MyApp/vendor/cakephp/cakephp/src/Http/BaseApplication.php:318
- /home/furr/Workshop/WorkshopPHP/MyApp/vendor/cakephp/cakephp/src/Http/Runner.php:86
- /home/furr/Workshop/WorkshopPHP/MyApp/vendor/cakephp/cakephp/src/Http/Middleware/CsrfProtectionMiddleware.php:174
- /home/furr/Workshop/WorkshopPHP/MyApp/vendor/cakephp/cakephp/src/Http/Runner.php:82
- /home/furr/Workshop/WorkshopPHP/MyApp/vendor/cakephp/cakephp/src/Http/Middleware/BodyParserMiddleware.php:157
- /home/furr/Workshop/WorkshopPHP/MyApp/vendor/cakephp/cakephp/src/Http/Runner.php:82
- /home/furr/Workshop/WorkshopPHP/MyApp/vendor/cakephp/cakephp/src/Routing/Middleware/RoutingMiddleware.php:186
- /home/furr/Workshop/WorkshopPHP/MyApp/vendor/cakephp/cakephp/src/Http/Runner.php:82
- /home/furr/Workshop/WorkshopPHP/MyApp/vendor/cakephp/cakephp/src/Routing/Middleware/AssetMiddleware.php:68
- /home/furr/Workshop/WorkshopPHP/MyApp/vendor/cakephp/cakephp/src/Http/Runner.php:82
- /home/furr/Workshop/WorkshopPHP/MyApp/vendor/cakephp/cakephp/src/Error/Middleware/ErrorHandlerMiddleware.php:131
- /home/furr/Workshop/WorkshopPHP/MyApp/vendor/cakephp/cakephp/src/Http/Runner.php:82
- /home/furr/Workshop/WorkshopPHP/MyApp/vendor/cakephp/debug_kit/src/Middleware/DebugKitMiddleware.php:60
- /home/furr/Workshop/WorkshopPHP/MyApp/vendor/cakephp/cakephp/src/Http/Runner.php:82
- /home/furr/Workshop/WorkshopPHP/MyApp/vendor/cakephp/cakephp/src/Http/Runner.php:67
- /home/furr/Workshop/WorkshopPHP/MyApp/vendor/cakephp/cakephp/src/Http/Server.php:90
- /home/furr/Workshop/WorkshopPHP/MyApp/webroot/index.php:40

Request URL: /About
Referer URL: http://localhost:8765/home/index
2023-06-22 06:03:10 error: [Error] Undefined constant "thisè" in /home/furr/Workshop/WorkshopPHP/MyApp/templates/layout/myLayout.php on line 13
Stack Trace:
- /home/furr/Workshop/WorkshopPHP/MyApp/vendor/cakephp/cakephp/src/View/View.php:1220
- /home/furr/Workshop/WorkshopPHP/MyApp/vendor/cakephp/cakephp/src/View/View.php:1177
- /home/furr/Workshop/WorkshopPHP/MyApp/vendor/cakephp/cakephp/src/View/View.php:860
- /home/furr/Workshop/WorkshopPHP/MyApp/vendor/cakephp/cakephp/src/View/View.php:819
- /home/furr/Workshop/WorkshopPHP/MyApp/vendor/cakephp/cakephp/src/Controller/Controller.php:773
- /home/furr/Workshop/WorkshopPHP/MyApp/vendor/cakephp/cakephp/src/Controller/Controller.php:556
- /home/furr/Workshop/WorkshopPHP/MyApp/vendor/cakephp/cakephp/src/Controller/ControllerFactory.php:139
- /home/furr/Workshop/WorkshopPHP/MyApp/vendor/cakephp/cakephp/src/Controller/ControllerFactory.php:114
- /home/furr/Workshop/WorkshopPHP/MyApp/vendor/cakephp/cakephp/src/Http/BaseApplication.php:320
- /home/furr/Workshop/WorkshopPHP/MyApp/vendor/cakephp/cakephp/src/Http/Runner.php:86
- /home/furr/Workshop/WorkshopPHP/MyApp/vendor/cakephp/cakephp/src/Http/Middleware/CsrfProtectionMiddleware.php:174
- /home/furr/Workshop/WorkshopPHP/MyApp/vendor/cakephp/cakephp/src/Http/Runner.php:82
- /home/furr/Workshop/WorkshopPHP/MyApp/vendor/cakephp/cakephp/src/Http/Middleware/BodyParserMiddleware.php:157
- /home/furr/Workshop/WorkshopPHP/MyApp/vendor/cakephp/cakephp/src/Http/Runner.php:82
- /home/furr/Workshop/WorkshopPHP/MyApp/vendor/cakephp/cakephp/src/Routing/Middleware/RoutingMiddleware.php:186
- /home/furr/Workshop/WorkshopPHP/MyApp/vendor/cakephp/cakephp/src/Http/Runner.php:82
- /home/furr/Workshop/WorkshopPHP/MyApp/vendor/cakephp/cakephp/src/Routing/Middleware/AssetMiddleware.php:68
- /home/furr/Workshop/WorkshopPHP/MyApp/vendor/cakephp/cakephp/src/Http/Runner.php:82
- /home/furr/Workshop/WorkshopPHP/MyApp/vendor/cakephp/cakephp/src/Error/Middleware/ErrorHandlerMiddleware.php:131
- /home/furr/Workshop/WorkshopPHP/MyApp/vendor/cakephp/cakephp/src/Http/Runner.php:82
- /home/furr/Workshop/WorkshopPHP/MyApp/vendor/cakephp/debug_kit/src/Middleware/DebugKitMiddleware.php:60
- /home/furr/Workshop/WorkshopPHP/MyApp/vendor/cakephp/cakephp/src/Http/Runner.php:82
- /home/furr/Workshop/WorkshopPHP/MyApp/vendor/cakephp/cakephp/src/Http/Runner.php:67
- /home/furr/Workshop/WorkshopPHP/MyApp/vendor/cakephp/cakephp/src/Http/Server.php:90
- /home/furr/Workshop/WorkshopPHP/MyApp/webroot/index.php:40

Request URL: /home/about
Referer URL: http://localhost:8765/home/index
2023-06-22 06:03:19 warning: Method Cake\View\Helper\HtmlHelper::img does not exist
Request URL: /home/about
Referer URL: http://localhost:8765/home/index
Trace:
Cake\View\Helper::__call() /home/furr/Workshop/WorkshopPHP/MyApp/vendor/cakephp/cakephp/src/View/Helper.php, line 103
include /home/furr/Workshop/WorkshopPHP/MyApp/templates/layout/myLayout.php, line 13
Cake\View\View::_evaluate() /home/furr/Workshop/WorkshopPHP/MyApp/vendor/cakephp/cakephp/src/View/View.php, line 1220
Cake\View\View::_render() /home/furr/Workshop/WorkshopPHP/MyApp/vendor/cakephp/cakephp/src/View/View.php, line 1177
Cake\View\View::renderLayout() /home/furr/Workshop/WorkshopPHP/MyApp/vendor/cakephp/cakephp/src/View/View.php, line 860
Cake\View\View::render() /home/furr/Workshop/WorkshopPHP/MyApp/vendor/cakephp/cakephp/src/View/View.php, line 819
Cake\Controller\Controller::render() /home/furr/Workshop/WorkshopPHP/MyApp/vendor/cakephp/cakephp/src/Controller/Controller.php, line 773
Cake\Controller\Controller::invokeAction() /home/furr/Workshop/WorkshopPHP/MyApp/vendor/cakephp/cakephp/src/Controller/Controller.php, line 556
Cake\Controller\ControllerFactory::handle() /home/furr/Workshop/WorkshopPHP/MyApp/vendor/cakephp/cakephp/src/Controller/ControllerFactory.php, line 139
Cake\Controller\ControllerFactory::invoke() /home/furr/Workshop/WorkshopPHP/MyApp/vendor/cakephp/cakephp/src/Controller/ControllerFactory.php, line 114
Cake\Http\BaseApplication::handle() /home/furr/Workshop/WorkshopPHP/MyApp/vendor/cakephp/cakephp/src/Http/BaseApplication.php, line 320
Cake\Http\Runner::handle() /home/furr/Workshop/WorkshopPHP/MyApp/vendor/cakephp/cakephp/src/Http/Runner.php, line 86
Cake\Http\Middleware\CsrfProtectionMiddleware::process() /home/furr/Workshop/WorkshopPHP/MyApp/vendor/cakephp/cakephp/src/Http/Middleware/CsrfProtectionMiddleware.php, line 174
Cake\Http\Runner::handle() /home/furr/Workshop/WorkshopPHP/MyApp/vendor/cakephp/cakephp/src/Http/Runner.php, line 82
Cake\Http\Middleware\BodyParserMiddleware::process() /home/furr/Workshop/WorkshopPHP/MyApp/vendor/cakephp/cakephp/src/Http/Middleware/BodyParserMiddleware.php, line 157
Cake\Http\Runner::handle() /home/furr/Workshop/WorkshopPHP/MyApp/vendor/cakephp/cakephp/src/Http/Runner.php, line 82
Cake\Routing\Middleware\RoutingMiddleware::process() /home/furr/Workshop/WorkshopPHP/MyApp/vendor/cakephp/cakephp/src/Routing/Middleware/RoutingMiddleware.php, line 186
Cake\Http\Runner::handle() /home/furr/Workshop/WorkshopPHP/MyApp/vendor/cakephp/cakephp/src/Http/Runner.php, line 82
Cake\Routing\Middleware\AssetMiddleware::process() /home/furr/Workshop/WorkshopPHP/MyApp/vendor/cakephp/cakephp/src/Routing/Middleware/AssetMiddleware.php, line 68
Cake\Http\Runner::handle() /home/furr/Workshop/WorkshopPHP/MyApp/vendor/cakephp/cakephp/src/Http/Runner.php, line 82
Cake\Error\Middleware\ErrorHandlerMiddleware::process() /home/furr/Workshop/WorkshopPHP/MyApp/vendor/cakephp/cakephp/src/Error/Middleware/ErrorHandlerMiddleware.php, line 131
Cake\Http\Runner::handle() /home/furr/Workshop/WorkshopPHP/MyApp/vendor/cakephp/cakephp/src/Http/Runner.php, line 82
DebugKit\Middleware\DebugKitMiddleware::process() /home/furr/Workshop/WorkshopPHP/MyApp/vendor/cakephp/debug_kit/src/Middleware/DebugKitMiddleware.php, line 60
Cake\Http\Runner::handle() /home/furr/Workshop/WorkshopPHP/MyApp/vendor/cakephp/cakephp/src/Http/Runner.php, line 82
Cake\Http\Runner::run() /home/furr/Workshop/WorkshopPHP/MyApp/vendor/cakephp/cakephp/src/Http/Runner.php, line 67
Cake\Http\Server::run() /home/furr/Workshop/WorkshopPHP/MyApp/vendor/cakephp/cakephp/src/Http/Server.php, line 90
[main] /home/furr/Workshop/WorkshopPHP/MyApp/webroot/index.php, line 40

2023-06-22 06:20:05 error: [Cake\Controller\Exception\MissingActionException] Action HomeController::inedx() could not be found, or is not accessible. in /home/furr/Workshop/WorkshopPHP/MyApp/vendor/cakephp/cakephp/src/Controller/Controller.php on line 526
Exception Attributes: array (
  'controller' => 'HomeController',
  'action' => 'inedx',
  'prefix' => '',
  'plugin' => NULL,
)
Stack Trace:
- /home/furr/Workshop/WorkshopPHP/MyApp/vendor/cakephp/cakephp/src/Controller/ControllerFactory.php:134
- /home/furr/Workshop/WorkshopPHP/MyApp/vendor/cakephp/cakephp/src/Controller/ControllerFactory.php:114
- /home/furr/Workshop/WorkshopPHP/MyApp/vendor/cakephp/cakephp/src/Http/BaseApplication.php:320
- /home/furr/Workshop/WorkshopPHP/MyApp/vendor/cakephp/cakephp/src/Http/Runner.php:86
- /home/furr/Workshop/WorkshopPHP/MyApp/vendor/cakephp/cakephp/src/Http/Middleware/CsrfProtectionMiddleware.php:174
- /home/furr/Workshop/WorkshopPHP/MyApp/vendor/cakephp/cakephp/src/Http/Runner.php:82
- /home/furr/Workshop/WorkshopPHP/MyApp/vendor/cakephp/cakephp/src/Http/Middleware/BodyParserMiddleware.php:157
- /home/furr/Workshop/WorkshopPHP/MyApp/vendor/cakephp/cakephp/src/Http/Runner.php:82
- /home/furr/Workshop/WorkshopPHP/MyApp/vendor/cakephp/cakephp/src/Routing/Middleware/RoutingMiddleware.php:186
- /home/furr/Workshop/WorkshopPHP/MyApp/vendor/cakephp/cakephp/src/Http/Runner.php:82
- /home/furr/Workshop/WorkshopPHP/MyApp/vendor/cakephp/cakephp/src/Routing/Middleware/AssetMiddleware.php:68
- /home/furr/Workshop/WorkshopPHP/MyApp/vendor/cakephp/cakephp/src/Http/Runner.php:82
- /home/furr/Workshop/WorkshopPHP/MyApp/vendor/cakephp/cakephp/src/Error/Middleware/ErrorHandlerMiddleware.php:131
- /home/furr/Workshop/WorkshopPHP/MyApp/vendor/cakephp/cakephp/src/Http/Runner.php:82
- /home/furr/Workshop/WorkshopPHP/MyApp/vendor/cakephp/debug_kit/src/Middleware/DebugKitMiddleware.php:60
- /home/furr/Workshop/WorkshopPHP/MyApp/vendor/cakephp/cakephp/src/Http/Runner.php:82
- /home/furr/Workshop/WorkshopPHP/MyApp/vendor/cakephp/cakephp/src/Http/Runner.php:67
- /home/furr/Workshop/WorkshopPHP/MyApp/vendor/cakephp/cakephp/src/Http/Server.php:90
- /home/furr/Workshop/WorkshopPHP/MyApp/webroot/index.php:40

Request URL: /home/inedx
2023-06-22 06:33:25 error: [Cake\Http\Exception\MissingControllerException] Controller class Index could not be found. in /home/furr/Workshop/WorkshopPHP/MyApp/vendor/cakephp/cakephp/src/Controller/ControllerFactory.php on line 348
Exception Attributes: array (
  'controller' => 'Index',
  'plugin' => NULL,
  'prefix' => NULL,
  '_ext' => NULL,
  'class' => 'Index',
)
Stack Trace:
- /home/furr/Workshop/WorkshopPHP/MyApp/vendor/cakephp/cakephp/src/Controller/ControllerFactory.php:74
- /home/furr/Workshop/WorkshopPHP/MyApp/vendor/cakephp/cakephp/src/Http/BaseApplication.php:318
- /home/furr/Workshop/WorkshopPHP/MyApp/vendor/cakephp/cakephp/src/Http/Runner.php:86
- /home/furr/Workshop/WorkshopPHP/MyApp/vendor/cakephp/cakephp/src/Http/Middleware/CsrfProtectionMiddleware.php:174
- /home/furr/Workshop/WorkshopPHP/MyApp/vendor/cakephp/cakephp/src/Http/Runner.php:82
- /home/furr/Workshop/WorkshopPHP/MyApp/vendor/cakephp/cakephp/src/Http/Middleware/BodyParserMiddleware.php:157
- /home/furr/Workshop/WorkshopPHP/MyApp/vendor/cakephp/cakephp/src/Http/Runner.php:82
- /home/furr/Workshop/WorkshopPHP/MyApp/vendor/cakephp/cakephp/src/Routing/Middleware/RoutingMiddleware.php:186
- /home/furr/Workshop/WorkshopPHP/MyApp/vendor/cakephp/cakephp/src/Http/Runner.php:82
- /home/furr/Workshop/WorkshopPHP/MyApp/vendor/cakephp/cakephp/src/Routing/Middleware/AssetMiddleware.php:68
- /home/furr/Workshop/WorkshopPHP/MyApp/vendor/cakephp/cakephp/src/Http/Runner.php:82
- /home/furr/Workshop/WorkshopPHP/MyApp/vendor/cakephp/cakephp/src/Error/Middleware/ErrorHandlerMiddleware.php:131
- /home/furr/Workshop/WorkshopPHP/MyApp/vendor/cakephp/cakephp/src/Http/Runner.php:82
- /home/furr/Workshop/WorkshopPHP/MyApp/vendor/cakephp/debug_kit/src/Middleware/DebugKitMiddleware.php:60
- /home/furr/Workshop/WorkshopPHP/MyApp/vendor/cakephp/cakephp/src/Http/Runner.php:82
- /home/furr/Workshop/WorkshopPHP/MyApp/vendor/cakephp/cakephp/src/Http/Runner.php:67
- /home/furr/Workshop/WorkshopPHP/MyApp/vendor/cakephp/cakephp/src/Http/Server.php:90
- /home/furr/Workshop/WorkshopPHP/MyApp/webroot/index.php:40

Request URL: /index
Referer URL: http://localhost:8765/home/about
2023-06-22 06:36:55 warning: Undefined variable $log
Request URL: /home/index
Referer URL: http://localhost:8765/home/index
Trace:
include /home/furr/Workshop/WorkshopPHP/MyApp/templates/layout/myLayout.php, line 15
Cake\View\View::_evaluate() /home/furr/Workshop/WorkshopPHP/MyApp/vendor/cakephp/cakephp/src/View/View.php, line 1220
Cake\View\View::_render() /home/furr/Workshop/WorkshopPHP/MyApp/vendor/cakephp/cakephp/src/View/View.php, line 1177
Cake\View\View::renderLayout() /home/furr/Workshop/WorkshopPHP/MyApp/vendor/cakephp/cakephp/src/View/View.php, line 860
Cake\View\View::render() /home/furr/Workshop/WorkshopPHP/MyApp/vendor/cakephp/cakephp/src/View/View.php, line 819
Cake\Controller\Controller::render() /home/furr/Workshop/WorkshopPHP/MyApp/vendor/cakephp/cakephp/src/Controller/Controller.php, line 773
Cake\Controller\Controller::invokeAction() /home/furr/Workshop/WorkshopPHP/MyApp/vendor/cakephp/cakephp/src/Controller/Controller.php, line 556
Cake\Controller\ControllerFactory::handle() /home/furr/Workshop/WorkshopPHP/MyApp/vendor/cakephp/cakephp/src/Controller/ControllerFactory.php, line 139
Cake\Controller\ControllerFactory::invoke() /home/furr/Workshop/WorkshopPHP/MyApp/vendor/cakephp/cakephp/src/Controller/ControllerFactory.php, line 114
Cake\Http\BaseApplication::handle() /home/furr/Workshop/WorkshopPHP/MyApp/vendor/cakephp/cakephp/src/Http/BaseApplication.php, line 320
Cake\Http\Runner::handle() /home/furr/Workshop/WorkshopPHP/MyApp/vendor/cakephp/cakephp/src/Http/Runner.php, line 86
Cake\Http\Middleware\CsrfProtectionMiddleware::process() /home/furr/Workshop/WorkshopPHP/MyApp/vendor/cakephp/cakephp/src/Http/Middleware/CsrfProtectionMiddleware.php, line 174
Cake\Http\Runner::handle() /home/furr/Workshop/WorkshopPHP/MyApp/vendor/cakephp/cakephp/src/Http/Runner.php, line 82
Cake\Http\Middleware\BodyParserMiddleware::process() /home/furr/Workshop/WorkshopPHP/MyApp/vendor/cakephp/cakephp/src/Http/Middleware/BodyParserMiddleware.php, line 157
Cake\Http\Runner::handle() /home/furr/Workshop/WorkshopPHP/MyApp/vendor/cakephp/cakephp/src/Http/Runner.php, line 82
Cake\Routing\Middleware\RoutingMiddleware::process() /home/furr/Workshop/WorkshopPHP/MyApp/vendor/cakephp/cakephp/src/Routing/Middleware/RoutingMiddleware.php, line 186
Cake\Http\Runner::handle() /home/furr/Workshop/WorkshopPHP/MyApp/vendor/cakephp/cakephp/src/Http/Runner.php, line 82
Cake\Routing\Middleware\AssetMiddleware::process() /home/furr/Workshop/WorkshopPHP/MyApp/vendor/cakephp/cakephp/src/Routing/Middleware/AssetMiddleware.php, line 68
Cake\Http\Runner::handle() /home/furr/Workshop/WorkshopPHP/MyApp/vendor/cakephp/cakephp/src/Http/Runner.php, line 82
Cake\Error\Middleware\ErrorHandlerMiddleware::process() /home/furr/Workshop/WorkshopPHP/MyApp/vendor/cakephp/cakephp/src/Error/Middleware/ErrorHandlerMiddleware.php, line 131
Cake\Http\Runner::handle() /home/furr/Workshop/WorkshopPHP/MyApp/vendor/cakephp/cakephp/src/Http/Runner.php, line 82
DebugKit\Middleware\DebugKitMiddleware::process() /home/furr/Workshop/WorkshopPHP/MyApp/vendor/cakephp/debug_kit/src/Middleware/DebugKitMiddleware.php, line 60
Cake\Http\Runner::handle() /home/furr/Workshop/WorkshopPHP/MyApp/vendor/cakephp/cakephp/src/Http/Runner.php, line 82
Cake\Http\Runner::run() /home/furr/Workshop/WorkshopPHP/MyApp/vendor/cakephp/cakephp/src/Http/Runner.php, line 67
Cake\Http\Server::run() /home/furr/Workshop/WorkshopPHP/MyApp/vendor/cakephp/cakephp/src/Http/Server.php, line 90
[main] /home/furr/Workshop/WorkshopPHP/MyApp/webroot/index.php, line 40

2023-06-22 06:37:21 error: [Cake\View\Exception\MissingHelperException] Helper class logHelper could not be found. in /home/furr/Workshop/WorkshopPHP/MyApp/vendor/cakephp/cakephp/src/View/HelperRegistry.php on line 132
Exception Attributes: array (
  'class' => 'logHelper',
  'plugin' => NULL,
)
Stack Trace:
- /home/furr/Workshop/WorkshopPHP/MyApp/vendor/cakephp/cakephp/src/Core/ObjectRegistry.php:102
- /home/furr/Workshop/WorkshopPHP/MyApp/vendor/cakephp/cakephp/src/View/HelperRegistry.php:70
- /home/furr/Workshop/WorkshopPHP/MyApp/vendor/cakephp/cakephp/src/View/View.php:1130
- /home/furr/Workshop/WorkshopPHP/MyApp/templates/layout/myLayout.php:15
- /home/furr/Workshop/WorkshopPHP/MyApp/vendor/cakephp/cakephp/src/View/View.php:1220
- /home/furr/Workshop/WorkshopPHP/MyApp/vendor/cakephp/cakephp/src/View/View.php:1177
- /home/furr/Workshop/WorkshopPHP/MyApp/vendor/cakephp/cakephp/src/View/View.php:860
- /home/furr/Workshop/WorkshopPHP/MyApp/vendor/cakephp/cakephp/src/View/View.php:819
- /home/furr/Workshop/WorkshopPHP/MyApp/vendor/cakephp/cakephp/src/Controller/Controller.php:773
- /home/furr/Workshop/WorkshopPHP/MyApp/vendor/cakephp/cakephp/src/Controller/Controller.php:556
- /home/furr/Workshop/WorkshopPHP/MyApp/vendor/cakephp/cakephp/src/Controller/ControllerFactory.php:139
- /home/furr/Workshop/WorkshopPHP/MyApp/vendor/cakephp/cakephp/src/Controller/ControllerFactory.php:114
- /home/furr/Workshop/WorkshopPHP/MyApp/vendor/cakephp/cakephp/src/Http/BaseApplication.php:320
- /home/furr/Workshop/WorkshopPHP/MyApp/vendor/cakephp/cakephp/src/Http/Runner.php:86
- /home/furr/Workshop/WorkshopPHP/MyApp/vendor/cakephp/cakephp/src/Http/Middleware/CsrfProtectionMiddleware.php:174
- /home/furr/Workshop/WorkshopPHP/MyApp/vendor/cakephp/cakephp/src/Http/Runner.php:82
- /home/furr/Workshop/WorkshopPHP/MyApp/vendor/cakephp/cakephp/src/Http/Middleware/BodyParserMiddleware.php:157
- /home/furr/Workshop/WorkshopPHP/MyApp/vendor/cakephp/cakephp/src/Http/Runner.php:82
- /home/furr/Workshop/WorkshopPHP/MyApp/vendor/cakephp/cakephp/src/Routing/Middleware/RoutingMiddleware.php:186
- /home/furr/Workshop/WorkshopPHP/MyApp/vendor/cakephp/cakephp/src/Http/Runner.php:82
- /home/furr/Workshop/WorkshopPHP/MyApp/vendor/cakephp/cakephp/src/Routing/Middleware/AssetMiddleware.php:68
- /home/furr/Workshop/WorkshopPHP/MyApp/vendor/cakephp/cakephp/src/Http/Runner.php:82
- /home/furr/Workshop/WorkshopPHP/MyApp/vendor/cakephp/cakephp/src/Error/Middleware/ErrorHandlerMiddleware.php:131
- /home/furr/Workshop/WorkshopPHP/MyApp/vendor/cakephp/cakephp/src/Http/Runner.php:82
- /home/furr/Workshop/WorkshopPHP/MyApp/vendor/cakephp/debug_kit/src/Middleware/DebugKitMiddleware.php:60
- /home/furr/Workshop/WorkshopPHP/MyApp/vendor/cakephp/cakephp/src/Http/Runner.php:82
- /home/furr/Workshop/WorkshopPHP/MyApp/vendor/cakephp/cakephp/src/Http/Runner.php:67
- /home/furr/Workshop/WorkshopPHP/MyApp/vendor/cakephp/cakephp/src/Http/Server.php:90
- /home/furr/Workshop/WorkshopPHP/MyApp/webroot/index.php:40

Request URL: /home/index
Referer URL: http://localhost:8765/home/index
2023-06-22 06:40:33 error: [Cake\View\Exception\MissingHelperException] Helper class logHelper could not be found. in /home/furr/Workshop/WorkshopPHP/MyApp/vendor/cakephp/cakephp/src/View/HelperRegistry.php on line 132
Exception Attributes: array (
  'class' => 'logHelper',
  'plugin' => NULL,
)
Stack Trace:
- /home/furr/Workshop/WorkshopPHP/MyApp/vendor/cakephp/cakephp/src/Core/ObjectRegistry.php:102
- /home/furr/Workshop/WorkshopPHP/MyApp/vendor/cakephp/cakephp/src/View/HelperRegistry.php:70
- /home/furr/Workshop/WorkshopPHP/MyApp/vendor/cakephp/cakephp/src/View/View.php:1130
- /home/furr/Workshop/WorkshopPHP/MyApp/templates/layout/myLayout.php:15
- /home/furr/Workshop/WorkshopPHP/MyApp/vendor/cakephp/cakephp/src/View/View.php:1220
- /home/furr/Workshop/WorkshopPHP/MyApp/vendor/cakephp/cakephp/src/View/View.php:1177
- /home/furr/Workshop/WorkshopPHP/MyApp/vendor/cakephp/cakephp/src/View/View.php:860
- /home/furr/Workshop/WorkshopPHP/MyApp/vendor/cakephp/cakephp/src/View/View.php:819
- /home/furr/Workshop/WorkshopPHP/MyApp/vendor/cakephp/cakephp/src/Controller/Controller.php:773
- /home/furr/Workshop/WorkshopPHP/MyApp/vendor/cakephp/cakephp/src/Controller/Controller.php:556
- /home/furr/Workshop/WorkshopPHP/MyApp/vendor/cakephp/cakephp/src/Controller/ControllerFactory.php:139
- /home/furr/Workshop/WorkshopPHP/MyApp/vendor/cakephp/cakephp/src/Controller/ControllerFactory.php:114
- /home/furr/Workshop/WorkshopPHP/MyApp/vendor/cakephp/cakephp/src/Http/BaseApplication.php:320
- /home/furr/Workshop/WorkshopPHP/MyApp/vendor/cakephp/cakephp/src/Http/Runner.php:86
- /home/furr/Workshop/WorkshopPHP/MyApp/vendor/cakephp/cakephp/src/Http/Middleware/CsrfProtectionMiddleware.php:174
- /home/furr/Workshop/WorkshopPHP/MyApp/vendor/cakephp/cakephp/src/Http/Runner.php:82
- /home/furr/Workshop/WorkshopPHP/MyApp/vendor/cakephp/cakephp/src/Http/Middleware/BodyParserMiddleware.php:157
- /home/furr/Workshop/WorkshopPHP/MyApp/vendor/cakephp/cakephp/src/Http/Runner.php:82
- /home/furr/Workshop/WorkshopPHP/MyApp/vendor/cakephp/cakephp/src/Routing/Middleware/RoutingMiddleware.php:186
- /home/furr/Workshop/WorkshopPHP/MyApp/vendor/cakephp/cakephp/src/Http/Runner.php:82
- /home/furr/Workshop/WorkshopPHP/MyApp/vendor/cakephp/cakephp/src/Routing/Middleware/AssetMiddleware.php:68
- /home/furr/Workshop/WorkshopPHP/MyApp/vendor/cakephp/cakephp/src/Http/Runner.php:82
- /home/furr/Workshop/WorkshopPHP/MyApp/vendor/cakephp/cakephp/src/Error/Middleware/ErrorHandlerMiddleware.php:131
- /home/furr/Workshop/WorkshopPHP/MyApp/vendor/cakephp/cakephp/src/Http/Runner.php:82
- /home/furr/Workshop/WorkshopPHP/MyApp/vendor/cakephp/debug_kit/src/Middleware/DebugKitMiddleware.php:60
- /home/furr/Workshop/WorkshopPHP/MyApp/vendor/cakephp/cakephp/src/Http/Runner.php:82
- /home/furr/Workshop/WorkshopPHP/MyApp/vendor/cakephp/cakephp/src/Http/Runner.php:67
- /home/furr/Workshop/WorkshopPHP/MyApp/vendor/cakephp/cakephp/src/Http/Server.php:90
- /home/furr/Workshop/WorkshopPHP/MyApp/webroot/index.php:40

Request URL: /home/index
Referer URL: http://localhost:8765/home/index
2023-06-22 06:46:33 error: [Cake\Controller\Exception\MissingActionException] Action HomeController::display() could not be found, or is not accessible. in /home/furr/Workshop/WorkshopPHP/MyApp/vendor/cakephp/cakephp/src/Controller/Controller.php on line 526
Exception Attributes: array (
  'controller' => 'HomeController',
  'action' => 'display',
  'prefix' => '',
  'plugin' => NULL,
)
Stack Trace:
- /home/furr/Workshop/WorkshopPHP/MyApp/vendor/cakephp/cakephp/src/Controller/ControllerFactory.php:134
- /home/furr/Workshop/WorkshopPHP/MyApp/vendor/cakephp/cakephp/src/Controller/ControllerFactory.php:114
- /home/furr/Workshop/WorkshopPHP/MyApp/vendor/cakephp/cakephp/src/Http/BaseApplication.php:320
- /home/furr/Workshop/WorkshopPHP/MyApp/vendor/cakephp/cakephp/src/Http/Runner.php:86
- /home/furr/Workshop/WorkshopPHP/MyApp/vendor/cakephp/cakephp/src/Http/Middleware/CsrfProtectionMiddleware.php:174
- /home/furr/Workshop/WorkshopPHP/MyApp/vendor/cakephp/cakephp/src/Http/Runner.php:82
- /home/furr/Workshop/WorkshopPHP/MyApp/vendor/cakephp/cakephp/src/Http/Middleware/BodyParserMiddleware.php:157
- /home/furr/Workshop/WorkshopPHP/MyApp/vendor/cakephp/cakephp/src/Http/Runner.php:82
- /home/furr/Workshop/WorkshopPHP/MyApp/vendor/cakephp/cakephp/src/Routing/Middleware/RoutingMiddleware.php:186
- /home/furr/Workshop/WorkshopPHP/MyApp/vendor/cakephp/cakephp/src/Http/Runner.php:82
- /home/furr/Workshop/WorkshopPHP/MyApp/vendor/cakephp/cakephp/src/Routing/Middleware/AssetMiddleware.php:68
- /home/furr/Workshop/WorkshopPHP/MyApp/vendor/cakephp/cakephp/src/Http/Runner.php:82
- /home/furr/Workshop/WorkshopPHP/MyApp/vendor/cakephp/cakephp/src/Error/Middleware/ErrorHandlerMiddleware.php:131
- /home/furr/Workshop/WorkshopPHP/MyApp/vendor/cakephp/cakephp/src/Http/Runner.php:82
- /home/furr/Workshop/WorkshopPHP/MyApp/vendor/cakephp/debug_kit/src/Middleware/DebugKitMiddleware.php:60
- /home/furr/Workshop/WorkshopPHP/MyApp/vendor/cakephp/cakephp/src/Http/Runner.php:82
- /home/furr/Workshop/WorkshopPHP/MyApp/vendor/cakephp/cakephp/src/Http/Runner.php:67
- /home/furr/Workshop/WorkshopPHP/MyApp/vendor/cakephp/cakephp/src/Http/Server.php:90
- /home/furr/Workshop/WorkshopPHP/MyApp/webroot/index.php:40

Request URL: /
2023-06-22 06:46:56 error: [Cake\Controller\Exception\MissingActionException] Action HomeController::&index() could not be found, or is not accessible. in /home/furr/Workshop/WorkshopPHP/MyApp/vendor/cakephp/cakephp/src/Controller/Controller.php on line 526
Exception Attributes: array (
  'controller' => 'HomeController',
  'action' => '&index',
  'prefix' => '',
  'plugin' => NULL,
)
Stack Trace:
- /home/furr/Workshop/WorkshopPHP/MyApp/vendor/cakephp/cakephp/src/Controller/ControllerFactory.php:134
- /home/furr/Workshop/WorkshopPHP/MyApp/vendor/cakephp/cakephp/src/Controller/ControllerFactory.php:114
- /home/furr/Workshop/WorkshopPHP/MyApp/vendor/cakephp/cakephp/src/Http/BaseApplication.php:320
- /home/furr/Workshop/WorkshopPHP/MyApp/vendor/cakephp/cakephp/src/Http/Runner.php:86
- /home/furr/Workshop/WorkshopPHP/MyApp/vendor/cakephp/cakephp/src/Http/Middleware/CsrfProtectionMiddleware.php:174
- /home/furr/Workshop/WorkshopPHP/MyApp/vendor/cakephp/cakephp/src/Http/Runner.php:82
- /home/furr/Workshop/WorkshopPHP/MyApp/vendor/cakephp/cakephp/src/Http/Middleware/BodyParserMiddleware.php:157
- /home/furr/Workshop/WorkshopPHP/MyApp/vendor/cakephp/cakephp/src/Http/Runner.php:82
- /home/furr/Workshop/WorkshopPHP/MyApp/vendor/cakephp/cakephp/src/Routing/Middleware/RoutingMiddleware.php:186
- /home/furr/Workshop/WorkshopPHP/MyApp/vendor/cakephp/cakephp/src/Http/Runner.php:82
- /home/furr/Workshop/WorkshopPHP/MyApp/vendor/cakephp/cakephp/src/Routing/Middleware/AssetMiddleware.php:68
- /home/furr/Workshop/WorkshopPHP/MyApp/vendor/cakephp/cakephp/src/Http/Runner.php:82
- /home/furr/Workshop/WorkshopPHP/MyApp/vendor/cakephp/cakephp/src/Error/Middleware/ErrorHandlerMiddleware.php:131
- /home/furr/Workshop/WorkshopPHP/MyApp/vendor/cakephp/cakephp/src/Http/Runner.php:82
- /home/furr/Workshop/WorkshopPHP/MyApp/vendor/cakephp/debug_kit/src/Middleware/DebugKitMiddleware.php:60
- /home/furr/Workshop/WorkshopPHP/MyApp/vendor/cakephp/cakephp/src/Http/Runner.php:82
- /home/furr/Workshop/WorkshopPHP/MyApp/vendor/cakephp/cakephp/src/Http/Runner.php:67
- /home/furr/Workshop/WorkshopPHP/MyApp/vendor/cakephp/cakephp/src/Http/Server.php:90
- /home/furr/Workshop/WorkshopPHP/MyApp/webroot/index.php:40

Request URL: /home/&index
Referer URL: http://localhost:8765/
2023-06-22 06:47:03 error: [Cake\Controller\Exception\MissingActionException] Action HomeController::&index() could not be found, or is not accessible. in /home/furr/Workshop/WorkshopPHP/MyApp/vendor/cakephp/cakephp/src/Controller/Controller.php on line 526
Exception Attributes: array (
  'controller' => 'HomeController',
  'action' => '&index',
  'prefix' => '',
  'plugin' => NULL,
)
Stack Trace:
- /home/furr/Workshop/WorkshopPHP/MyApp/vendor/cakephp/cakephp/src/Controller/ControllerFactory.php:134
- /home/furr/Workshop/WorkshopPHP/MyApp/vendor/cakephp/cakephp/src/Controller/ControllerFactory.php:114
- /home/furr/Workshop/WorkshopPHP/MyApp/vendor/cakephp/cakephp/src/Http/BaseApplication.php:320
- /home/furr/Workshop/WorkshopPHP/MyApp/vendor/cakephp/cakephp/src/Http/Runner.php:86
- /home/furr/Workshop/WorkshopPHP/MyApp/vendor/cakephp/cakephp/src/Http/Middleware/CsrfProtectionMiddleware.php:174
- /home/furr/Workshop/WorkshopPHP/MyApp/vendor/cakephp/cakephp/src/Http/Runner.php:82
- /home/furr/Workshop/WorkshopPHP/MyApp/vendor/cakephp/cakephp/src/Http/Middleware/BodyParserMiddleware.php:157
- /home/furr/Workshop/WorkshopPHP/MyApp/vendor/cakephp/cakephp/src/Http/Runner.php:82
- /home/furr/Workshop/WorkshopPHP/MyApp/vendor/cakephp/cakephp/src/Routing/Middleware/RoutingMiddleware.php:186
- /home/furr/Workshop/WorkshopPHP/MyApp/vendor/cakephp/cakephp/src/Http/Runner.php:82
- /home/furr/Workshop/WorkshopPHP/MyApp/vendor/cakephp/cakephp/src/Routing/Middleware/AssetMiddleware.php:68
- /home/furr/Workshop/WorkshopPHP/MyApp/vendor/cakephp/cakephp/src/Http/Runner.php:82
- /home/furr/Workshop/WorkshopPHP/MyApp/vendor/cakephp/cakephp/src/Error/Middleware/ErrorHandlerMiddleware.php:131
- /home/furr/Workshop/WorkshopPHP/MyApp/vendor/cakephp/cakephp/src/Http/Runner.php:82
- /home/furr/Workshop/WorkshopPHP/MyApp/vendor/cakephp/debug_kit/src/Middleware/DebugKitMiddleware.php:60
- /home/furr/Workshop/WorkshopPHP/MyApp/vendor/cakephp/cakephp/src/Http/Runner.php:82
- /home/furr/Workshop/WorkshopPHP/MyApp/vendor/cakephp/cakephp/src/Http/Runner.php:67
- /home/furr/Workshop/WorkshopPHP/MyApp/vendor/cakephp/cakephp/src/Http/Server.php:90
- /home/furr/Workshop/WorkshopPHP/MyApp/webroot/index.php:40

Request URL: /home/&index
Referer URL: http://localhost:8765/home/index
2023-06-22 06:47:09 error: [Cake\Controller\Exception\MissingActionException] Action HomeController::&index() could not be found, or is not accessible. in /home/furr/Workshop/WorkshopPHP/MyApp/vendor/cakephp/cakephp/src/Controller/Controller.php on line 526
Exception Attributes: array (
  'controller' => 'HomeController',
  'action' => '&index',
  'prefix' => '',
  'plugin' => NULL,
)
Stack Trace:
- /home/furr/Workshop/WorkshopPHP/MyApp/vendor/cakephp/cakephp/src/Controller/ControllerFactory.php:134
- /home/furr/Workshop/WorkshopPHP/MyApp/vendor/cakephp/cakephp/src/Controller/ControllerFactory.php:114
- /home/furr/Workshop/WorkshopPHP/MyApp/vendor/cakephp/cakephp/src/Http/BaseApplication.php:320
- /home/furr/Workshop/WorkshopPHP/MyApp/vendor/cakephp/cakephp/src/Http/Runner.php:86
- /home/furr/Workshop/WorkshopPHP/MyApp/vendor/cakephp/cakephp/src/Http/Middleware/CsrfProtectionMiddleware.php:174
- /home/furr/Workshop/WorkshopPHP/MyApp/vendor/cakephp/cakephp/src/Http/Runner.php:82
- /home/furr/Workshop/WorkshopPHP/MyApp/vendor/cakephp/cakephp/src/Http/Middleware/BodyParserMiddleware.php:157
- /home/furr/Workshop/WorkshopPHP/MyApp/vendor/cakephp/cakephp/src/Http/Runner.php:82
- /home/furr/Workshop/WorkshopPHP/MyApp/vendor/cakephp/cakephp/src/Routing/Middleware/RoutingMiddleware.php:186
- /home/furr/Workshop/WorkshopPHP/MyApp/vendor/cakephp/cakephp/src/Http/Runner.php:82
- /home/furr/Workshop/WorkshopPHP/MyApp/vendor/cakephp/cakephp/src/Routing/Middleware/AssetMiddleware.php:68
- /home/furr/Workshop/WorkshopPHP/MyApp/vendor/cakephp/cakephp/src/Http/Runner.php:82
- /home/furr/Workshop/WorkshopPHP/MyApp/vendor/cakephp/cakephp/src/Error/Middleware/ErrorHandlerMiddleware.php:131
- /home/furr/Workshop/WorkshopPHP/MyApp/vendor/cakephp/cakephp/src/Http/Runner.php:82
- /home/furr/Workshop/WorkshopPHP/MyApp/vendor/cakephp/debug_kit/src/Middleware/DebugKitMiddleware.php:60
- /home/furr/Workshop/WorkshopPHP/MyApp/vendor/cakephp/cakephp/src/Http/Runner.php:82
- /home/furr/Workshop/WorkshopPHP/MyApp/vendor/cakephp/cakephp/src/Http/Runner.php:67
- /home/furr/Workshop/WorkshopPHP/MyApp/vendor/cakephp/cakephp/src/Http/Server.php:90
- /home/furr/Workshop/WorkshopPHP/MyApp/webroot/index.php:40

Request URL: /home/&index
Referer URL: http://localhost:8765/home/index
2023-06-22 06:47:22 warning: Undefined variable $log
Request URL: /home/about
Referer URL: http://localhost:8765/
Trace:
include /home/furr/Workshop/WorkshopPHP/MyApp/templates/layout/myLayout.php, line 16
Cake\View\View::_evaluate() /home/furr/Workshop/WorkshopPHP/MyApp/vendor/cakephp/cakephp/src/View/View.php, line 1220
Cake\View\View::_render() /home/furr/Workshop/WorkshopPHP/MyApp/vendor/cakephp/cakephp/src/View/View.php, line 1177
Cake\View\View::renderLayout() /home/furr/Workshop/WorkshopPHP/MyApp/vendor/cakephp/cakephp/src/View/View.php, line 860
Cake\View\View::render() /home/furr/Workshop/WorkshopPHP/MyApp/vendor/cakephp/cakephp/src/View/View.php, line 819
Cake\Controller\Controller::render() /home/furr/Workshop/WorkshopPHP/MyApp/vendor/cakephp/cakephp/src/Controller/Controller.php, line 773
Cake\Controller\Controller::invokeAction() /home/furr/Workshop/WorkshopPHP/MyApp/vendor/cakephp/cakephp/src/Controller/Controller.php, line 556
Cake\Controller\ControllerFactory::handle() /home/furr/Workshop/WorkshopPHP/MyApp/vendor/cakephp/cakephp/src/Controller/ControllerFactory.php, line 139
Cake\Controller\ControllerFactory::invoke() /home/furr/Workshop/WorkshopPHP/MyApp/vendor/cakephp/cakephp/src/Controller/ControllerFactory.php, line 114
Cake\Http\BaseApplication::handle() /home/furr/Workshop/WorkshopPHP/MyApp/vendor/cakephp/cakephp/src/Http/BaseApplication.php, line 320
Cake\Http\Runner::handle() /home/furr/Workshop/WorkshopPHP/MyApp/vendor/cakephp/cakephp/src/Http/Runner.php, line 86
Cake\Http\Middleware\CsrfProtectionMiddleware::process() /home/furr/Workshop/WorkshopPHP/MyApp/vendor/cakephp/cakephp/src/Http/Middleware/CsrfProtectionMiddleware.php, line 174
Cake\Http\Runner::handle() /home/furr/Workshop/WorkshopPHP/MyApp/vendor/cakephp/cakephp/src/Http/Runner.php, line 82
Cake\Http\Middleware\BodyParserMiddleware::process() /home/furr/Workshop/WorkshopPHP/MyApp/vendor/cakephp/cakephp/src/Http/Middleware/BodyParserMiddleware.php, line 157
Cake\Http\Runner::handle() /home/furr/Workshop/WorkshopPHP/MyApp/vendor/cakephp/cakephp/src/Http/Runner.php, line 82
Cake\Routing\Middleware\RoutingMiddleware::process() /home/furr/Workshop/WorkshopPHP/MyApp/vendor/cakephp/cakephp/src/Routing/Middleware/RoutingMiddleware.php, line 186
Cake\Http\Runner::handle() /home/furr/Workshop/WorkshopPHP/MyApp/vendor/cakephp/cakephp/src/Http/Runner.php, line 82
Cake\Routing\Middleware\AssetMiddleware::process() /home/furr/Workshop/WorkshopPHP/MyApp/vendor/cakephp/cakephp/src/Routing/Middleware/AssetMiddleware.php, line 68
Cake\Http\Runner::handle() /home/furr/Workshop/WorkshopPHP/MyApp/vendor/cakephp/cakephp/src/Http/Runner.php, line 82
Cake\Error\Middleware\ErrorHandlerMiddleware::process() /home/furr/Workshop/WorkshopPHP/MyApp/vendor/cakephp/cakephp/src/Error/Middleware/ErrorHandlerMiddleware.php, line 131
Cake\Http\Runner::handle() /home/furr/Workshop/WorkshopPHP/MyApp/vendor/cakephp/cakephp/src/Http/Runner.php, line 82
DebugKit\Middleware\DebugKitMiddleware::process() /home/furr/Workshop/WorkshopPHP/MyApp/vendor/cakephp/debug_kit/src/Middleware/DebugKitMiddleware.php, line 60
Cake\Http\Runner::handle() /home/furr/Workshop/WorkshopPHP/MyApp/vendor/cakephp/cakephp/src/Http/Runner.php, line 82
Cake\Http\Runner::run() /home/furr/Workshop/WorkshopPHP/MyApp/vendor/cakephp/cakephp/src/Http/Runner.php, line 67
Cake\Http\Server::run() /home/furr/Workshop/WorkshopPHP/MyApp/vendor/cakephp/cakephp/src/Http/Server.php, line 90
[main] /home/furr/Workshop/WorkshopPHP/MyApp/webroot/index.php, line 40

2023-06-22 06:47:56 warning: Undefined variable $log
Request URL: /about
Trace:
include /home/furr/Workshop/WorkshopPHP/MyApp/templates/layout/myLayout.php, line 16
Cake\View\View::_evaluate() /home/furr/Workshop/WorkshopPHP/MyApp/vendor/cakephp/cakephp/src/View/View.php, line 1220
Cake\View\View::_render() /home/furr/Workshop/WorkshopPHP/MyApp/vendor/cakephp/cakephp/src/View/View.php, line 1177
Cake\View\View::renderLayout() /home/furr/Workshop/WorkshopPHP/MyApp/vendor/cakephp/cakephp/src/View/View.php, line 860
Cake\View\View::render() /home/furr/Workshop/WorkshopPHP/MyApp/vendor/cakephp/cakephp/src/View/View.php, line 819
Cake\Controller\Controller::render() /home/furr/Workshop/WorkshopPHP/MyApp/vendor/cakephp/cakephp/src/Controller/Controller.php, line 773
Cake\Controller\Controller::invokeAction() /home/furr/Workshop/WorkshopPHP/MyApp/vendor/cakephp/cakephp/src/Controller/Controller.php, line 556
Cake\Controller\ControllerFactory::handle() /home/furr/Workshop/WorkshopPHP/MyApp/vendor/cakephp/cakephp/src/Controller/ControllerFactory.php, line 139
Cake\Controller\ControllerFactory::invoke() /home/furr/Workshop/WorkshopPHP/MyApp/vendor/cakephp/cakephp/src/Controller/ControllerFactory.php, line 114
Cake\Http\BaseApplication::handle() /home/furr/Workshop/WorkshopPHP/MyApp/vendor/cakephp/cakephp/src/Http/BaseApplication.php, line 320
Cake\Http\Runner::handle() /home/furr/Workshop/WorkshopPHP/MyApp/vendor/cakephp/cakephp/src/Http/Runner.php, line 86
Cake\Http\Middleware\CsrfProtectionMiddleware::process() /home/furr/Workshop/WorkshopPHP/MyApp/vendor/cakephp/cakephp/src/Http/Middleware/CsrfProtectionMiddleware.php, line 174
Cake\Http\Runner::handle() /home/furr/Workshop/WorkshopPHP/MyApp/vendor/cakephp/cakephp/src/Http/Runner.php, line 82
Cake\Http\Middleware\BodyParserMiddleware::process() /home/furr/Workshop/WorkshopPHP/MyApp/vendor/cakephp/cakephp/src/Http/Middleware/BodyParserMiddleware.php, line 157
Cake\Http\Runner::handle() /home/furr/Workshop/WorkshopPHP/MyApp/vendor/cakephp/cakephp/src/Http/Runner.php, line 82
Cake\Routing\Middleware\RoutingMiddleware::process() /home/furr/Workshop/WorkshopPHP/MyApp/vendor/cakephp/cakephp/src/Routing/Middleware/RoutingMiddleware.php, line 186
Cake\Http\Runner::handle() /home/furr/Workshop/WorkshopPHP/MyApp/vendor/cakephp/cakephp/src/Http/Runner.php, line 82
Cake\Routing\Middleware\AssetMiddleware::process() /home/furr/Workshop/WorkshopPHP/MyApp/vendor/cakephp/cakephp/src/Routing/Middleware/AssetMiddleware.php, line 68
Cake\Http\Runner::handle() /home/furr/Workshop/WorkshopPHP/MyApp/vendor/cakephp/cakephp/src/Http/Runner.php, line 82
Cake\Error\Middleware\ErrorHandlerMiddleware::process() /home/furr/Workshop/WorkshopPHP/MyApp/vendor/cakephp/cakephp/src/Error/Middleware/ErrorHandlerMiddleware.php, line 131
Cake\Http\Runner::handle() /home/furr/Workshop/WorkshopPHP/MyApp/vendor/cakephp/cakephp/src/Http/Runner.php, line 82
DebugKit\Middleware\DebugKitMiddleware::process() /home/furr/Workshop/WorkshopPHP/MyApp/vendor/cakephp/debug_kit/src/Middleware/DebugKitMiddleware.php, line 60
Cake\Http\Runner::handle() /home/furr/Workshop/WorkshopPHP/MyApp/vendor/cakephp/cakephp/src/Http/Runner.php, line 82
Cake\Http\Runner::run() /home/furr/Workshop/WorkshopPHP/MyApp/vendor/cakephp/cakephp/src/Http/Runner.php, line 67
Cake\Http\Server::run() /home/furr/Workshop/WorkshopPHP/MyApp/vendor/cakephp/cakephp/src/Http/Server.php, line 90
[main] /home/furr/Workshop/WorkshopPHP/MyApp/webroot/index.php, line 40

2023-06-22 07:38:49 error: [Cake\View\Exception\MissingHelperException] Helper class JsHelper could not be found. in /home/furr/Workshop/WorkshopPHP/MyApp/vendor/cakephp/cakephp/src/View/HelperRegistry.php on line 132
Exception Attributes: array (
  'class' => 'JsHelper',
  'plugin' => NULL,
)
Stack Trace:
- /home/furr/Workshop/WorkshopPHP/MyApp/vendor/cakephp/cakephp/src/Core/ObjectRegistry.php:102
- /home/furr/Workshop/WorkshopPHP/MyApp/vendor/cakephp/cakephp/src/View/HelperRegistry.php:70
- /home/furr/Workshop/WorkshopPHP/MyApp/vendor/cakephp/cakephp/src/View/View.php:1130
- /home/furr/Workshop/WorkshopPHP/MyApp/templates/Home/playground.php:7
- /home/furr/Workshop/WorkshopPHP/MyApp/vendor/cakephp/cakephp/src/View/View.php:1220
- /home/furr/Workshop/WorkshopPHP/MyApp/vendor/cakephp/cakephp/src/View/View.php:1177
- /home/furr/Workshop/WorkshopPHP/MyApp/vendor/cakephp/cakephp/src/View/View.php:808
- /home/furr/Workshop/WorkshopPHP/MyApp/vendor/cakephp/cakephp/src/Controller/Controller.php:773
- /home/furr/Workshop/WorkshopPHP/MyApp/vendor/cakephp/cakephp/src/Controller/Controller.php:556
- /home/furr/Workshop/WorkshopPHP/MyApp/vendor/cakephp/cakephp/src/Controller/ControllerFactory.php:139
- /home/furr/Workshop/WorkshopPHP/MyApp/vendor/cakephp/cakephp/src/Controller/ControllerFactory.php:114
- /home/furr/Workshop/WorkshopPHP/MyApp/vendor/cakephp/cakephp/src/Http/BaseApplication.php:320
- /home/furr/Workshop/WorkshopPHP/MyApp/vendor/cakephp/cakephp/src/Http/Runner.php:86
- /home/furr/Workshop/WorkshopPHP/MyApp/vendor/cakephp/cakephp/src/Http/Middleware/CsrfProtectionMiddleware.php:174
- /home/furr/Workshop/WorkshopPHP/MyApp/vendor/cakephp/cakephp/src/Http/Runner.php:82
- /home/furr/Workshop/WorkshopPHP/MyApp/vendor/cakephp/cakephp/src/Http/Middleware/BodyParserMiddleware.php:157
- /home/furr/Workshop/WorkshopPHP/MyApp/vendor/cakephp/cakephp/src/Http/Runner.php:82
- /home/furr/Workshop/WorkshopPHP/MyApp/vendor/cakephp/cakephp/src/Routing/Middleware/RoutingMiddleware.php:186
- /home/furr/Workshop/WorkshopPHP/MyApp/vendor/cakephp/cakephp/src/Http/Runner.php:82
- /home/furr/Workshop/WorkshopPHP/MyApp/vendor/cakephp/cakephp/src/Routing/Middleware/AssetMiddleware.php:68
- /home/furr/Workshop/WorkshopPHP/MyApp/vendor/cakephp/cakephp/src/Http/Runner.php:82
- /home/furr/Workshop/WorkshopPHP/MyApp/vendor/cakephp/cakephp/src/Error/Middleware/ErrorHandlerMiddleware.php:131
- /home/furr/Workshop/WorkshopPHP/MyApp/vendor/cakephp/cakephp/src/Http/Runner.php:82
- /home/furr/Workshop/WorkshopPHP/MyApp/vendor/cakephp/debug_kit/src/Middleware/DebugKitMiddleware.php:60
- /home/furr/Workshop/WorkshopPHP/MyApp/vendor/cakephp/cakephp/src/Http/Runner.php:82
- /home/furr/Workshop/WorkshopPHP/MyApp/vendor/cakephp/cakephp/src/Http/Runner.php:67
- /home/furr/Workshop/WorkshopPHP/MyApp/vendor/cakephp/cakephp/src/Http/Server.php:90
- /home/furr/Workshop/WorkshopPHP/MyApp/webroot/index.php:40

Request URL: /playground
Referer URL: http://localhost:8765/about
